2019-10-14 22:12:45 [scrapy.utils.log] INFO: Scrapy 1.6.0 started (bot: scrapy_app)
2019-10-14 22:12:45 [scrapy.utils.log] INFO: Versions: lxml 4.3.4.0, libxml2 2.9.9, cssselect 1.0.3, parsel 1.5.1, w3lib 1.20.0, Twisted 19.2.0, Python 3.7.3 (default, Mar 27 2019, 22:11:17) - [GCC 7.3.0], pyOpenSSL 19.0.0 (OpenSSL 1.1.1c  28 May 2019), cryptography 2.7, Platform Linux-5.0.0-31-generic-x86_64-with-debian-buster-sid
2019-10-14 22:12:45 [scrapy.crawler] INFO: Overridden settings: {'BOT_NAME': 'scrapy_app', 'LOG_FILE': 'logs/default/crawler/4e9befb8ee8411e99b2cef11febbd0d7.log', 'NEWSPIDER_MODULE': 'scrapy_app.spiders', 'ROBOTSTXT_OBEY': True, 'SPIDER_MODULES': ['scrapy_app.spiders'], 'USER_AGENT': 'Mozilla/5.0 (compatible; Googlebot/2.1; +http://www.google.com/bot.html)'}
2019-10-14 22:12:45 [scrapy.extensions.telnet] INFO: Telnet Password: a2bc161e3c5e396b
2019-10-14 22:12:45 [scrapy.middleware] INFO: Enabled extensions:
['scrapy.extensions.corestats.CoreStats',
 'scrapy.extensions.telnet.TelnetConsole',
 'scrapy.extensions.memusage.MemoryUsage',
 'scrapy.extensions.logstats.LogStats']
2019-10-14 22:12:46 [scrapy.middleware] INFO: Enabled downloader middlewares:
['scrapy.downloadermiddlewares.robotstxt.RobotsTxtMiddleware',
 'scrapy.downloadermiddlewares.httpauth.HttpAuthMiddleware',
 'scrapy.downloadermiddlewares.downloadtimeout.DownloadTimeoutMiddleware',
 'scrapy.downloadermiddlewares.defaultheaders.DefaultHeadersMiddleware',
 'scrapy.downloadermiddlewares.useragent.UserAgentMiddleware',
 'scrapy.downloadermiddlewares.retry.RetryMiddleware',
 'scrapy.downloadermiddlewares.redirect.MetaRefreshMiddleware',
 'scrapy.downloadermiddlewares.httpcompression.HttpCompressionMiddleware',
 'scrapy.downloadermiddlewares.redirect.RedirectMiddleware',
 'scrapy.downloadermiddlewares.cookies.CookiesMiddleware',
 'scrapy.downloadermiddlewares.httpproxy.HttpProxyMiddleware',
 'scrapy.downloadermiddlewares.stats.DownloaderStats']
2019-10-14 22:12:46 [scrapy.middleware] INFO: Enabled spider middlewares:
['scrapy.spidermiddlewares.httperror.HttpErrorMiddleware',
 'scrapy.spidermiddlewares.offsite.OffsiteMiddleware',
 'scrapy.spidermiddlewares.referer.RefererMiddleware',
 'scrapy.spidermiddlewares.urllength.UrlLengthMiddleware',
 'scrapy.spidermiddlewares.depth.DepthMiddleware']
2019-10-14 22:12:46 [scrapy.middleware] INFO: Enabled item pipelines:
['scrapy_app.pipelines.ScrapyAppPipeline']
2019-10-14 22:12:46 [scrapy.core.engine] INFO: Spider opened
2019-10-14 22:12:46 [scrapy.extensions.logstats] INFO: Crawled 0 pages (at 0 pages/min), scraped 0 items (at 0 items/min)
2019-10-14 22:12:46 [scrapy.extensions.telnet] INFO: Telnet console listening on 127.0.0.1:6030
2019-10-14 22:12:47 [scrapy.core.engine] DEBUG: Crawled (200) <GET http://www.inven.co.kr/robots.txt> (referer: None)
2019-10-14 22:12:54 [scrapy.core.engine] DEBUG: Crawled (200) <GET http://www.inven.co.kr/board/maple/2587?p=1> (referer: None)
2019-10-14 22:13:02 [scrapy.core.engine] DEBUG: Crawled (200) <GET http://www.inven.co.kr/board/maple/2587/3540> (referer: http://www.inven.co.kr/board/maple/2587?p=1)
2019-10-14 22:13:02 [py.warnings] WARNING: /home/proff/anaconda3/lib/python3.7/site-packages/django/db/models/fields/__init__.py:1421: RuntimeWarning: DateTimeField ScrapyItem.published_date received a naive datetime (2019-10-13 15:55:00) while time zone support is active.
  RuntimeWarning)

2019-10-14 22:13:02 [scrapy.core.scraper] DEBUG: Scraped from <200 http://www.inven.co.kr/board/maple/2587/3540>
{'category': 1,
 'contents': '●▅▇█▇▆ ▅▄▇ 섀도 살려줭',
 'published_date': '2019-10-13 15:55',
 'recommends': '0',
 'title': '●▅▇█▇▆ ▅▄▇ 섀도 살려줭',
 'url': 'http://www.inven.co.kr/board/maple/2587/3540',
 'views': 110}
2019-10-14 22:13:04 [scrapy.core.engine] DEBUG: Crawled (200) <GET http://www.inven.co.kr/board/maple/2587/3542> (referer: http://www.inven.co.kr/board/maple/2587?p=1)
2019-10-14 22:13:04 [py.warnings] WARNING: /home/proff/anaconda3/lib/python3.7/site-packages/django/db/models/fields/__init__.py:1421: RuntimeWarning: DateTimeField ScrapyItem.published_date received a naive datetime (2019-10-13 17:59:00) while time zone support is active.
  RuntimeWarning)

2019-10-14 22:13:04 [scrapy.core.scraper] DEBUG: Scraped from <200 http://www.inven.co.kr/board/maple/2587/3542>
{'category': 1,
 'contents': '어빌리티 상황에따라 쓸수있게 유니온처럼 슬롯추가해주세요~~ 캐시로팔아도 잘팔릴듯',
 'published_date': '2019-10-13 17:59',
 'recommends': '0',
 'title': '어빌리티 슬롯 추가해주세요~~',
 'url': 'http://www.inven.co.kr/board/maple/2587/3542',
 'views': 212}
2019-10-14 22:13:05 [scrapy.core.engine] DEBUG: Crawled (200) <GET http://www.inven.co.kr/board/maple/2587/3538> (referer: http://www.inven.co.kr/board/maple/2587?p=1)
2019-10-14 22:13:05 [py.warnings] WARNING: /home/proff/anaconda3/lib/python3.7/site-packages/django/db/models/fields/__init__.py:1421: RuntimeWarning: DateTimeField ScrapyItem.published_date received a naive datetime (2019-10-13 07:49:00) while time zone support is active.
  RuntimeWarning)

2019-10-14 22:13:05 [scrapy.core.scraper] DEBUG: Scraped from <200 http://www.inven.co.kr/board/maple/2587/3538>
{'category': 1,
 'contents': '미스틱도어 쓰는 유저인데 솔직히 살때 노가다 좀 귀찮음...100개씩 언제 다 사한묶음에 천개넘게되는모양이던데',
 'published_date': '2019-10-13 07:49',
 'recommends': '0',
 'title': '마법의 돌 알케스터 한번에 구매 1000개씩 되게좀',
 'url': 'http://www.inven.co.kr/board/maple/2587/3538',
 'views': 124}
2019-10-14 22:13:07 [scrapy.core.engine] DEBUG: Crawled (200) <GET http://www.inven.co.kr/board/maple/2587/3544> (referer: http://www.inven.co.kr/board/maple/2587?p=1)
2019-10-14 22:13:07 [py.warnings] WARNING: /home/proff/anaconda3/lib/python3.7/site-packages/django/db/models/fields/__init__.py:1421: RuntimeWarning: DateTimeField ScrapyItem.published_date received a naive datetime (2019-10-14 02:19:00) while time zone support is active.
  RuntimeWarning)

2019-10-14 22:13:07 [scrapy.core.scraper] DEBUG: Scraped from <200 http://www.inven.co.kr/board/maple/2587/3544>
{'category': 1,
 'contents': '~다른직업도 자전 열어주던가~~',
 'published_date': '2019-10-14 02:19',
 'recommends': '0',
 'title': '자전코인 삭제해',
 'url': 'http://www.inven.co.kr/board/maple/2587/3544',
 'views': 394}
2019-10-14 22:13:11 [scrapy.core.engine] DEBUG: Crawled (200) <GET http://www.inven.co.kr/board/maple/2587/3529> (referer: http://www.inven.co.kr/board/maple/2587?p=1)
2019-10-14 22:13:11 [py.warnings] WARNING: /home/proff/anaconda3/lib/python3.7/site-packages/django/db/models/fields/__init__.py:1421: RuntimeWarning: DateTimeField ScrapyItem.published_date received a naive datetime (2019-10-02 18:39:00) while time zone support is active.
  RuntimeWarning)

2019-10-14 22:13:11 [scrapy.core.scraper] DEBUG: Scraped from <200 http://www.inven.co.kr/board/maple/2587/3529>
{'category': 1,
 'contents': "특) 루나섭 최고의 쓰레기길드등장하다그 길드의 이름은'뽀미'사길 스길이라고합니다 조심하세요무통거래사기 및 교불템 "
             '사기 빈번하다네요.',
 'published_date': '2019-10-02 18:39',
 'recommends': '0',
 'title': '특쫑! 루나사기길드등장하다',
 'url': 'http://www.inven.co.kr/board/maple/2587/3529',
 'views': 1029}
2019-10-14 22:13:14 [scrapy.core.engine] DEBUG: Crawled (200) <GET http://www.inven.co.kr/board/maple/2587/3531> (referer: http://www.inven.co.kr/board/maple/2587?p=1)
2019-10-14 22:13:15 [py.warnings] WARNING: /home/proff/anaconda3/lib/python3.7/site-packages/django/db/models/fields/__init__.py:1421: RuntimeWarning: DateTimeField ScrapyItem.published_date received a naive datetime (2019-10-04 17:37:00) while time zone support is active.
  RuntimeWarning)

2019-10-14 22:13:15 [scrapy.core.scraper] DEBUG: Scraped from <200 http://www.inven.co.kr/board/maple/2587/3531>
{'category': 1,
 'contents': '안경좀 낄수있게해조',
 'published_date': '2019-10-04 17:37',
 'recommends': '0',
 'title': '안드로이드 개편좀 ㅠㅠ',
 'url': 'http://www.inven.co.kr/board/maple/2587/3531',
 'views': 1222}
2019-10-14 22:13:15 [scrapy.core.engine] DEBUG: Crawled (200) <GET http://www.inven.co.kr/board/maple/2587/3541> (referer: http://www.inven.co.kr/board/maple/2587?p=1)
2019-10-14 22:13:15 [scrapy.core.engine] DEBUG: Crawled (200) <GET http://www.inven.co.kr/board/maple/2587/3539> (referer: http://www.inven.co.kr/board/maple/2587?p=1)
2019-10-14 22:13:15 [py.warnings] WARNING: /home/proff/anaconda3/lib/python3.7/site-packages/django/db/models/fields/__init__.py:1421: RuntimeWarning: DateTimeField ScrapyItem.published_date received a naive datetime (2019-10-13 15:56:00) while time zone support is active.
  RuntimeWarning)

2019-10-14 22:13:15 [scrapy.core.scraper] DEBUG: Scraped from <200 http://www.inven.co.kr/board/maple/2587/3541>
{'category': 1,
 'contents': '&nbsp;●▅▇█▇▆ ▅▄▇ 나로 살려줭',
 'published_date': '2019-10-13 15:56',
 'recommends': '0',
 'title': '●▅▇█▇▆ ▅▄▇ 나로 살려줭',
 'url': 'http://www.inven.co.kr/board/maple/2587/3541',
 'views': 130}
2019-10-14 22:13:15 [py.warnings] WARNING: /home/proff/anaconda3/lib/python3.7/site-packages/django/db/models/fields/__init__.py:1421: RuntimeWarning: DateTimeField ScrapyItem.published_date received a naive datetime (2019-10-13 13:56:00) while time zone support is active.
  RuntimeWarning)

2019-10-14 22:13:15 [scrapy.core.scraper] DEBUG: Scraped from <200 http://www.inven.co.kr/board/maple/2587/3539>
{'category': 1,
 'contents': '예전에 모험가 직업군 스킬들도 리뉴얼한 적이 있었지만그것도 한참 오래 된 2010년대 초반 얘기일 뿐지금 스킬 '
             '이펙트 구립니다요즘 나오는 신직업들처럼 뿌슝뿌붐빵빠슝하게 바꿔주세요',
 'published_date': '2019-10-13 13:56',
 'recommends': '0',
 'title': '모험가 직업군 스킬 리메이크',
 'url': 'http://www.inven.co.kr/board/maple/2587/3539',
 'views': 179}
2019-10-14 22:13:18 [scrapy.core.engine] DEBUG: Crawled (200) <GET http://www.inven.co.kr/board/maple/2587/3528> (referer: http://www.inven.co.kr/board/maple/2587?p=1)
2019-10-14 22:13:18 [py.warnings] WARNING: /home/proff/anaconda3/lib/python3.7/site-packages/django/db/models/fields/__init__.py:1421: RuntimeWarning: DateTimeField ScrapyItem.published_date received a naive datetime (2019-10-02 11:46:00) while time zone support is active.
  RuntimeWarning)

2019-10-14 22:13:18 [scrapy.core.scraper] DEBUG: Scraped from <200 http://www.inven.co.kr/board/maple/2587/3528>
{'category': 1,
 'contents': '본캐 컨셉맞추고싶단말이에오',
 'published_date': '2019-10-02 11:46',
 'recommends': '0',
 'title': '성별변경권 내주세요ㅜ',
 'url': 'http://www.inven.co.kr/board/maple/2587/3528',
 'views': 1402}
2019-10-14 22:13:19 [scrapy.core.engine] DEBUG: Crawled (200) <GET http://www.inven.co.kr/board/maple/2587/3530> (referer: http://www.inven.co.kr/board/maple/2587?p=1)
2019-10-14 22:13:19 [py.warnings] WARNING: /home/proff/anaconda3/lib/python3.7/site-packages/django/db/models/fields/__init__.py:1421: RuntimeWarning: DateTimeField ScrapyItem.published_date received a naive datetime (2019-10-02 20:23:00) while time zone support is active.
  RuntimeWarning)

2019-10-14 22:13:20 [scrapy.core.scraper] DEBUG: Scraped from <200 http://www.inven.co.kr/board/maple/2587/3530>
{'category': 1,
 'contents': '아란 레벨 50제 퀘스트 아기 늑대를 위한 영양식에 요구되는 해마의꼬리 50개와아기늑대영양식1개를 '
             '모으려고하는데요해마의꼬리는 씨클을 잡으면 얻을 수 있다고 하네요지금저의 레벨은 50인데, 씨클은 레벨이 76이더군요 '
             '도대체 몇대를 때려서 잡아야하는 건가요?저는 리부트 서버입니다',
 'published_date': '2019-10-02 20:23',
 'recommends': '0',
 'title': '아란 레벨 50제 퀘스트 아기 늑대를 위한 영양식',
 'url': 'http://www.inven.co.kr/board/maple/2587/3530',
 'views': 977}
2019-10-14 22:13:20 [scrapy.core.engine] DEBUG: Crawled (200) <GET http://www.inven.co.kr/board/maple/2587/3532> (referer: http://www.inven.co.kr/board/maple/2587?p=1)
2019-10-14 22:13:21 [py.warnings] WARNING: /home/proff/anaconda3/lib/python3.7/site-packages/django/db/models/fields/__init__.py:1421: RuntimeWarning: DateTimeField ScrapyItem.published_date received a naive datetime (2019-10-07 18:17:00) while time zone support is active.
  RuntimeWarning)

2019-10-14 22:13:21 [scrapy.core.scraper] DEBUG: Scraped from <200 http://www.inven.co.kr/board/maple/2587/3532>
{'category': 1,
 'contents': '메이플스토리(이하 메이플) 와 메이플스토리m(이하 메m) 연계 확대○ 지금 제공중인 것1. 메m 일일임무로 메이플 '
             '마일리지7002. 메m 120레벨 이상시 메이플에서 유니온 ss3. 메이플포인트 공유○ 바라는 것1. 코인샆에서 '
             '관련 아이템 판매ex) 메이플에서 메m 보장상자, 메m에서 메이플 버닝물약2. 유니온 sss 확장 or 적용 캐릭 '
             '확대',
 'published_date': '2019-10-07 18:17',
 'recommends': '0',
 'title': '메이플스토리와 메이플스토리m 연계 확대',
 'url': 'http://www.inven.co.kr/board/maple/2587/3532',
 'views': 960}
2019-10-14 22:13:22 [scrapy.core.engine] DEBUG: Crawled (200) <GET http://www.inven.co.kr/board/maple/2587/3521> (referer: http://www.inven.co.kr/board/maple/2587?p=1)
2019-10-14 22:13:23 [py.warnings] WARNING: /home/proff/anaconda3/lib/python3.7/site-packages/django/db/models/fields/__init__.py:1421: RuntimeWarning: DateTimeField ScrapyItem.published_date received a naive datetime (2019-09-27 14:14:00) while time zone support is active.
  RuntimeWarning)

2019-10-14 22:13:23 [scrapy.core.scraper] DEBUG: Scraped from <200 http://www.inven.co.kr/board/maple/2587/3521>
{'category': 1,
 'contents': '평생 충성 할게..',
 'published_date': '2019-09-27 14:14',
 'recommends': '0',
 'title': '울트라 월드리프 내놔라',
 'url': 'http://www.inven.co.kr/board/maple/2587/3521',
 'views': 1946}
2019-10-14 22:13:24 [scrapy.core.engine] DEBUG: Crawled (200) <GET http://www.inven.co.kr/board/maple/2587/3534> (referer: http://www.inven.co.kr/board/maple/2587?p=1)
2019-10-14 22:13:24 [py.warnings] WARNING: /home/proff/anaconda3/lib/python3.7/site-packages/django/db/models/fields/__init__.py:1421: RuntimeWarning: DateTimeField ScrapyItem.published_date received a naive datetime (2019-10-09 21:25:00) while time zone support is active.
  RuntimeWarning)

2019-10-14 22:13:24 [scrapy.core.scraper] DEBUG: Scraped from <200 http://www.inven.co.kr/board/maple/2587/3534>
{'category': 1,
 'contents': '윈브도 더블 점프 색좀 바꿔줘여\xa0박쥐 날리는애는 멋지게 됬드만..',
 'published_date': '2019-10-09 21:25',
 'recommends': '0',
 'title': '윈브도 더블 점프 색좀 바꿔줘여',
 'url': 'http://www.inven.co.kr/board/maple/2587/3534',
 'views': 674}
2019-10-14 22:13:25 [scrapy.core.engine] DEBUG: Crawled (200) <GET http://www.inven.co.kr/board/maple/2587/3543> (referer: http://www.inven.co.kr/board/maple/2587?p=1)
2019-10-14 22:13:25 [py.warnings] WARNING: /home/proff/anaconda3/lib/python3.7/site-packages/django/db/models/fields/__init__.py:1421: RuntimeWarning: DateTimeField ScrapyItem.published_date received a naive datetime (2019-10-13 19:07:00) while time zone support is active.
  RuntimeWarning)

2019-10-14 22:13:25 [scrapy.core.scraper] DEBUG: Scraped from <200 http://www.inven.co.kr/board/maple/2587/3543>
{'category': 1,
 'contents': '사랑해',
 'published_date': '2019-10-13 19:07',
 'recommends': '0',
 'title': '메이플',
 'url': 'http://www.inven.co.kr/board/maple/2587/3543',
 'views': 140}
2019-10-14 22:13:27 [scrapy.core.engine] DEBUG: Crawled (200) <GET http://www.inven.co.kr/board/maple/2587/3482> (referer: http://www.inven.co.kr/board/maple/2587?p=1)
2019-10-14 22:13:27 [py.warnings] WARNING: /home/proff/anaconda3/lib/python3.7/site-packages/django/db/models/fields/__init__.py:1421: RuntimeWarning: DateTimeField ScrapyItem.published_date received a naive datetime (2019-08-28 13:31:00) while time zone support is active.
  RuntimeWarning)

2019-10-14 22:13:27 [scrapy.core.scraper] DEBUG: Scraped from <200 http://www.inven.co.kr/board/maple/2587/3482>
{'category': 1,
 'contents': '현금유도?어느부분이현금유도거래인지콕찝어얘기해보시죠?밑에내용중에도대체어디가어느부분이현금유도인지??어이가없네요^^한번경고해서 '
             '현금거래절대안한다고썻더니현금유도글로인한정책위반?콕집어봐요그대로복사한거니까육성시간보고말해주세요 '
             '사진참조피노키오코.모자.상의.하의.신발.장갑.방패.귀걸이30제벨트.온화의망토 구성입니다 \xa0총10부위마력 '
             '120셋 망토제외 9부위 12억마력135셋 10부위 15억★부위별판매절대안합니다★10~140모든법사계열 '
             '원킬사냥가능합니다스타포스사냥터는무기에따라최소투킬입니다자쿰무기 네크로 반레온 무기만갈아끼우면돼구요10렙기준 '
             '전마법사계열 최소 3만~6만뜹니다 10렙기준10억에흥정없이팔구있구요 정말필요하신분카톡주시면흥정생각해보겠습니다. '
             '현거래안합니다.쪼렙템메리트는 140이후템셋팅이 1억이안들어갑니다.착감을굳이비싸게안사도돼는거죠저는항상 140에 '
             '반레온풀셋으로200찍고유니온마무리했습니다.* 하도개소리들하셔서 카톡주시면 사냥영상보내드립니다 '
             '법사계의히어로배틀메이지영상있습니다*P.S공셋은 선금받고 제작해드립니다 거래총 '
             '5건있습니다증거사진있습니다만족못하실경우사비투자해서라도완성시켜드립니다이제까지 13분정도거래했고 '
             '주변분들소개부탁드립니다10렙15퍼작무기 30렙15퍼작무기 '
             '110렙15퍼작무기바로바로지원까지해드려서그런것같습니다사용하다가 맘에안드시면 100% 환불해드리겠습니다카톡 '
             '주세요아래오픈카톡채팅방바로가기입니다.',
 'published_date': '2019-08-28 13:31',
 'recommends': '0',
 'title': '운영진은보고답변똑바로하시길',
 'url': 'http://www.inven.co.kr/board/maple/2587/3482',
 'views': 1388}
2019-10-14 22:13:28 [scrapy.core.engine] DEBUG: Crawled (200) <GET http://www.inven.co.kr/board/maple/2587/3536> (referer: http://www.inven.co.kr/board/maple/2587?p=1)
2019-10-14 22:13:29 [py.warnings] WARNING: /home/proff/anaconda3/lib/python3.7/site-packages/django/db/models/fields/__init__.py:1421: RuntimeWarning: DateTimeField ScrapyItem.published_date received a naive datetime (2019-10-10 19:57:00) while time zone support is active.
  RuntimeWarning)

2019-10-14 22:13:29 [scrapy.core.scraper] DEBUG: Scraped from <200 http://www.inven.co.kr/board/maple/2587/3536>
{'category': 1,
 'contents': '엘보 돌리는 매크로 때문에 일부러 이렇게 둔거라면 곧무 뜬 후에 만이라도\xa0 몇 마리 더 잡으면 되는지 잠시 '
             '떳다 사라지는 메세지 형태로라도 알려주면 편할 것 같습니다.. ',
 'published_date': '2019-10-10 19:57',
 'recommends': '0',
 'title': '엘리트 보스 뜨기 전까지 몇 마리 잡아야 하는지 확인표나 게이지 같은게 있으면 좋겠습니다.',
 'url': 'http://www.inven.co.kr/board/maple/2587/3536',
 'views': 479}
2019-10-14 22:13:30 [scrapy.core.engine] DEBUG: Crawled (200) <GET http://www.inven.co.kr/board/maple/2587/3483> (referer: http://www.inven.co.kr/board/maple/2587?p=1)
2019-10-14 22:13:30 [py.warnings] WARNING: /home/proff/anaconda3/lib/python3.7/site-packages/django/db/models/fields/__init__.py:1421: RuntimeWarning: DateTimeField ScrapyItem.published_date received a naive datetime (2019-08-29 02:15:00) while time zone support is active.
  RuntimeWarning)

2019-10-14 22:13:30 [scrapy.core.scraper] DEBUG: Scraped from <200 http://www.inven.co.kr/board/maple/2587/3483>
{'category': 1,
 'contents': '지금 메이플 맵 보면 엄청나게 넓고 몬스터도 많은데 다 저렙구간에 몰려있는게 문제인거 같음. 계속 고렙 전용 맵 '
             '추가하기보다는 오시리아 대륙 몬스터 레벨을 상향시키고 퀘스트 등 리뉴얼하면 어떨까 하는 생각입니다..',
 'published_date': '2019-08-29 02:15',
 'recommends': '0',
 'title': '개인적으로 바라는 점...',
 'url': 'http://www.inven.co.kr/board/maple/2587/3483',
 'views': 617}
2019-10-14 22:13:32 [scrapy.core.engine] DEBUG: Crawled (200) <GET http://www.inven.co.kr/board/maple/2587/3520> (referer: http://www.inven.co.kr/board/maple/2587?p=1)
2019-10-14 22:13:33 [py.warnings] WARNING: /home/proff/anaconda3/lib/python3.7/site-packages/django/db/models/fields/__init__.py:1421: RuntimeWarning: DateTimeField ScrapyItem.published_date received a naive datetime (2019-09-25 09:26:00) while time zone support is active.
  RuntimeWarning)

2019-10-14 22:13:33 [scrapy.core.scraper] DEBUG: Scraped from <200 http://www.inven.co.kr/board/maple/2587/3520>
{'category': 1,
 'contents': '메이플 농장 모바일 다시 만들어줘',
 'published_date': '2019-09-25 09:26',
 'recommends': '0',
 'title': '메이플 농장 모바일 부활 시커줘~',
 'url': 'http://www.inven.co.kr/board/maple/2587/3520',
 'views': 627}
2019-10-14 22:13:34 [scrapy.core.engine] DEBUG: Crawled (200) <GET http://www.inven.co.kr/board/maple/2587/3489> (referer: http://www.inven.co.kr/board/maple/2587?p=1)
2019-10-14 22:13:34 [py.warnings] WARNING: /home/proff/anaconda3/lib/python3.7/site-packages/django/db/models/fields/__init__.py:1421: RuntimeWarning: DateTimeField ScrapyItem.published_date received a naive datetime (2019-09-02 12:30:00) while time zone support is active.
  RuntimeWarning)

2019-10-14 22:13:34 [scrapy.core.scraper] DEBUG: Scraped from <200 http://www.inven.co.kr/board/maple/2587/3489>
{'category': 1,
 'contents': '마라벨 풀셋 못생겨서 끼기 시러요매번 갈아입기도 귀찮고마라벨 얼장이 있다는건 마라벨 풀셋을 모았다는 뜻이니까얼장만 '
             '껴도 마라벨 풀셋 효과 발동되게 해주세요룩덕에게 자유를...라이딩 이쁜데 쓰지를 못해...',
 'published_date': '2019-09-02 12:30',
 'recommends': '0',
 'title': '마라벨 얼장만 껴도 세트효과 발동되게 해주세요',
 'url': 'http://www.inven.co.kr/board/maple/2587/3489',
 'views': 1755}
2019-10-14 22:13:38 [scrapy.core.engine] DEBUG: Crawled (200) <GET http://www.inven.co.kr/board/maple/2587/3492> (referer: http://www.inven.co.kr/board/maple/2587?p=1)
2019-10-14 22:13:39 [py.warnings] WARNING: /home/proff/anaconda3/lib/python3.7/site-packages/django/db/models/fields/__init__.py:1421: RuntimeWarning: DateTimeField ScrapyItem.published_date received a naive datetime (2019-09-06 16:49:00) while time zone support is active.
  RuntimeWarning)

2019-10-14 22:13:39 [scrapy.core.scraper] DEBUG: Scraped from <200 http://www.inven.co.kr/board/maple/2587/3492>
{'category': 1,
 'contents': '필자는 얼마전 글로리온 슈프림링을 상점에 실수로 팔았다.복구문의를 했지만 돌아오는 답은 복구해드리고싶은데 '
             '고유아이템이라 안되요 ㅎㅎ 라고 문의가왔다.1차적인건 본인 잘못이기에 어쩔수없다고 생각했다.근데 메이플 유튜브보다가 '
             '29xx님의 유튜브를 접하게 되었다.그런데 이분도 실수로 상점에 잡템판매하다 고유아이템이면서 교환불가 아이템인 '
             '피어리스펜던트를 팔았다.고유아이템이어서 복구를 안해준다더니 이분은 다음날 바로 복구를 받으셨다.고유아이템팔땐 '
             '경고창이 뜨기때문에 본인부주의라고 복구가어렵다하더니 왜 펜던트는 복구가된건지 이해가안간다.똑같이 경고창도 뜨고 '
             '판매시 재구매목록엔 뜨지않는다.문의에 링크까지 띄워서 무슨차이길래 이건복구가되고 이건복구가안되냐니까 이제는 '
             '내부기준에 안맞아서란다 도대체 그 기준이뭔데 뭐냐니까 수십번물어도 설명하지않고 되도않는 내부기준 '
             '타령한다.모카페에서도 형평성의문제같다고 다들 이야기하시는데 \xa0복구기준에대해서 명확히 설명해줬으면한다.',
 'published_date': '2019-09-06 16:49',
 'recommends': '20',
 'title': '형편없는 형평성없는 복구기준에 대해서',
 'url': 'http://www.inven.co.kr/board/maple/2587/3492',
 'views': 1531}
2019-10-14 22:13:41 [scrapy.core.engine] DEBUG: Crawled (200) <GET http://www.inven.co.kr/board/maple/2587/3495> (referer: http://www.inven.co.kr/board/maple/2587?p=1)
2019-10-14 22:13:41 [py.warnings] WARNING: /home/proff/anaconda3/lib/python3.7/site-packages/django/db/models/fields/__init__.py:1421: RuntimeWarning: DateTimeField ScrapyItem.published_date received a naive datetime (2019-09-10 12:07:00) while time zone support is active.
  RuntimeWarning)

2019-10-14 22:13:41 [scrapy.core.scraper] DEBUG: Scraped from <200 http://www.inven.co.kr/board/maple/2587/3495>
{'category': 1,
 'contents': '노력만으로도 스펙업이 가능한 심볼시스템 다좋습니다근데 일일퀘스트는 너무한거 같습니다 사냥 보스말고는 컨텐츠가 딱히 '
             '없으니 그냥 일거리를 만든느낌입니다 물론 이게 재밋으면 모를까 재미1도없는데 안하면 손해고 플레이에 제약사항을 '
             '둔느낌이에요 헤이븐야영지처럼 주간퀘로 바꿔주시면 좋겟네여 보상으로 코젬도 주시면 좋겟구요Rpg게임의 근본이 뭡니까? '
             '노가다? 반복? 바로 롤플레잉 파티 게임이죠 메이플은 현재 개나소나 바인드쓰고 그냥 딜넣는구조만 다른 스킬이펙트만 '
             '다른 형식이죠 이번에 나온 호영도 똑같아요 괜히 어정쩡하게 스킬사용구조만 어렵게햇지 다른캐릭이랑 다른게없어요메이플이 '
             '옛날부터 그냥 단순히 딜만넣는게임이엿다? 제가알던 옛날 메이플은 루디브리엄 파퀘를 하기위해선 다크사이트를 '
             '사용할수있는 도적이 필요했고 텔포를 보유한직업도 필요햇으며 먼거리의 적을 맞추기위해 긴 사정가리의 궁수같은 직엄도 '
             '필요하던 롤플레잉의 개념을 만족하던 게임이 있엇습니다어느순간부터 큐브 혼줌 신직업이 나오면서 딜찍누 현질 졷망겜이 '
             '되버렷죠메이플이 과연 객관적으로 잘만는게임이라고 보십니까 과거추억팔이가 없다면 지금 이미친게임이 유지되고 잇엇을까요 '
             '어떤분이 쓴글처럼 빠르면 20년 망하지안을려면 제2의 빅뱅패치가 필요하다고 봅니다 강원기 디렉터 교체와 말이죠',
 'published_date': '2019-09-10 12:07',
 'recommends': '7',
 'title': '메일플 미친진입장벽을 해소해주세요',
 'url': 'http://www.inven.co.kr/board/maple/2587/3495',
 'views': 2870}
2019-10-14 22:13:42 [scrapy.core.engine] DEBUG: Crawled (200) <GET http://www.inven.co.kr/board/maple/2587/3494> (referer: http://www.inven.co.kr/board/maple/2587?p=1)
2019-10-14 22:13:42 [py.warnings] WARNING: /home/proff/anaconda3/lib/python3.7/site-packages/django/db/models/fields/__init__.py:1421: RuntimeWarning: DateTimeField ScrapyItem.published_date received a naive datetime (2019-09-09 20:27:00) while time zone support is active.
  RuntimeWarning)

2019-10-14 22:13:42 [scrapy.core.scraper] DEBUG: Scraped from <200 http://www.inven.co.kr/board/maple/2587/3494>
{'category': 1,
 'contents': '벨패 할때 \xa0잘고려해서 해주세요 제발..',
 'published_date': '2019-09-09 20:27',
 'recommends': '0',
 'title': '벨패',
 'url': 'http://www.inven.co.kr/board/maple/2587/3494',
 'views': 966}
2019-10-14 22:13:43 [scrapy.core.engine] DEBUG: Crawled (200) <GET http://www.inven.co.kr/board/maple/2587/3497> (referer: http://www.inven.co.kr/board/maple/2587?p=1)
2019-10-14 22:13:43 [py.warnings] WARNING: /home/proff/anaconda3/lib/python3.7/site-packages/django/db/models/fields/__init__.py:1421: RuntimeWarning: DateTimeField ScrapyItem.published_date received a naive datetime (2019-09-11 20:20:00) while time zone support is active.
  RuntimeWarning)

2019-10-14 22:13:43 [scrapy.core.scraper] DEBUG: Scraped from <200 http://www.inven.co.kr/board/maple/2587/3497>
{'category': 1,
 'contents': '맥뎀 한계 돌파 넣으면 좋겟다',
 'published_date': '2019-09-11 20:20',
 'recommends': '0',
 'title': '제네 2차 해방에',
 'url': 'http://www.inven.co.kr/board/maple/2587/3497',
 'views': 1358}
2019-10-14 22:13:45 [scrapy.core.engine] DEBUG: Crawled (200) <GET http://www.inven.co.kr/board/maple/2587/3499> (referer: http://www.inven.co.kr/board/maple/2587?p=1)
2019-10-14 22:13:46 [py.warnings] WARNING: /home/proff/anaconda3/lib/python3.7/site-packages/django/db/models/fields/__init__.py:1421: RuntimeWarning: DateTimeField ScrapyItem.published_date received a naive datetime (2019-09-12 18:25:00) while time zone support is active.
  RuntimeWarning)

2019-10-14 22:13:46 [scrapy.core.scraper] DEBUG: Scraped from <200 http://www.inven.co.kr/board/maple/2587/3499>
{'category': 1,
 'contents': '혹시나 된다면 모바일 핸즈에 옥션이 추가되면 좋을거같습니다!',
 'published_date': '2019-09-12 18:25',
 'recommends': '1',
 'title': '모바일 핸즈 옥션추가',
 'url': 'http://www.inven.co.kr/board/maple/2587/3499',
 'views': 1294}
2019-10-14 22:13:46 [scrapy.extensions.logstats] INFO: Crawled 26 pages (at 26 pages/min), scraped 24 items (at 24 items/min)
2019-10-14 22:13:52 [scrapy.core.engine] DEBUG: Crawled (200) <GET http://www.inven.co.kr/board/maple/2587/3503> (referer: http://www.inven.co.kr/board/maple/2587?p=1)
2019-10-14 22:13:52 [py.warnings] WARNING: /home/proff/anaconda3/lib/python3.7/site-packages/django/db/models/fields/__init__.py:1421: RuntimeWarning: DateTimeField ScrapyItem.published_date received a naive datetime (2019-09-16 04:04:00) while time zone support is active.
  RuntimeWarning)

2019-10-14 22:13:52 [scrapy.core.scraper] DEBUG: Scraped from <200 http://www.inven.co.kr/board/maple/2587/3503>
{'category': 1,
 'contents': '테네브리스 미궁 리멘\xa0 리뉴얼\xa0전지역 일반몬스터에게\xa0 꺼지지않는 불꽃조각(교환불가) , 영원히 '
             '꺼지지 않는 불꽃 조각(교환불가)\xa0 , 살생석 \xa0 이\xa0 드롭됩니다\xa0테네브리스 지역\xa0 모든 '
             '스토리 시작시 테네브리스링 지급\xa0스토리 진행 단계에 따라\xa0 주문서 지급 \xa0이미 있는 유저의 '
             '경우\xa0 재지급 하지않음\xa0모든 스토리 완료시\xa0 테네브리스링의 스타포스제한 해제\xa0 강화불가 -> '
             '강화가능으로 변경 \xa012성 이상 강화시 파괴방지를 하지않으면 강화가 불가능한 아이템, 스타포스외 강화주문서 '
             '사용불가\xa0더스크에서 살생석을 드롭합니다 \xa0기상효과로 에르다의 포화 상태가 추가됩니다\xa0 30분에 '
             '한번씩\xa0 3분간\xa0 경험치 획득량이 100% 증가합니다 \xa0 \xa0미궁에 다크소울\xa0 이 '
             '낮은확률로\xa0 전지역 출현하게 변경되었고\xa0다크소울의\xa0 hp가 대폭상향조정되었으며\xa0출현시\xa0 '
             '이벤트 메시지와 함께\xa0 5분제한시간동안 많은 수의 비행형 몬스터를 동반하고 다니게 변경되었습니다 \xa0\xa0'
             'hp 8조\xa0 다크소울 잡을시 \xa03종 아이템중 1개 획득\xa0다크소울의 젬스톤상자 2개~ 10개 '
             '랜덤 \xa0\xa0 드롭다크소울의 물방울상자 1개~2개\xa0 1개종류랜덤\xa0 드롭\xa0\xa0다크소울의 '
             '아케인심볼의자 2개~ 10개 랜덤 '
             '드롭\xa0\xa0 \xa0 \xa0 \xa0 \xa0 \xa0 \xa0 \xa0 \xa0 \xa0 \xa0 \xa0 \xa0 \xa0 \xa0'
             '에르다의 과포화상태 (기상효과 추가)\xa0 경험치 의 200% 추가획득 지속시간동안\xa0 맵 전체 헤엄치기가 '
             '가능하도록 변경\xa030분에\xa0 3분 지속\xa0친위대장 듄켈의 서브 스토리 추가 와 \xa0 스토리모드 '
             '완료시\xa0 심연의 분노(반지) 획득 \xa0 \xa0 올스탯 20\xa0 hp,mp 1500 \xa0\xa0 '
             '(스타포스 강화불가)\xa0 업그레이드 횟수 : 30 (전용강화주문서만 사용가능)- 리멘 주간퀘스트 (1주 '
             '1회)\xa0 심연의 정화 봉인된 심연의 근원1개\xa0 (듄켈 드롭 기타아이템 1주 1회 드롭 )살생석\xa0 '
             '20개\xa0 -교환가능-\xa0 (리멘 일반몬스터 드롭아이템) \xa0\xa0해방된 심연의 근원\xa0 올스탯 '
             '2 \xa0 hp150 \xa0 공마 2\xa0심연의분노 -> 심연의 안식으로 업그레이드 할수있다 \xa0(아이템 '
             '스킬)\xa0 심연의 안식\xa0 시전후\xa0 8초간 무적상태 재사용대기시간 300초 (스위칭불가)',
 'published_date': '2019-09-16 04:04',
 'recommends': '3',
 'title': '테네브리스 ~ 리멘 추가 패치 좀',
 'url': 'http://www.inven.co.kr/board/maple/2587/3503',
 'views': 975}
2019-10-14 22:13:53 [scrapy.core.engine] DEBUG: Crawled (200) <GET http://www.inven.co.kr/board/maple/2587/3501> (referer: http://www.inven.co.kr/board/maple/2587?p=1)
2019-10-14 22:13:53 [py.warnings] WARNING: /home/proff/anaconda3/lib/python3.7/site-packages/django/db/models/fields/__init__.py:1421: RuntimeWarning: DateTimeField ScrapyItem.published_date received a naive datetime (2019-09-14 15:28:00) while time zone support is active.
  RuntimeWarning)

2019-10-14 22:13:53 [scrapy.core.scraper] DEBUG: Scraped from <200 http://www.inven.co.kr/board/maple/2587/3501>
{'category': 1,
 'contents': '글 성격 상 공작소보다 바란다가 어울릴 것 같아서 옮겼습니다레벨 200, 210, 220처럼 새로운 아케인리버 '
             '지역이 열리는 특정 레벨이 아닌 이상퀘스트라는 건 받아볼 수도 없고(일일 퀘스트 제외),레벨업 수단이 사냥밖에 '
             '없고, 심볼 강화를 위해 매일같이 일일 퀘스트만 숙제마냥 반복하고 있는 이 시점에서주요 퀘스트들과 일반 퀘스트들이 '
             '구분되어 있는 다른 RPG 게임들처럼스토리와 무관한 일반 퀘스트들의 대량 추가를 원합니다레벨 200, 201, '
             '202, 203, ... 처럼 매 레벨업 시마다아케인 리버의 쓸모 없는 NPC들(클릭해도 대사창이 안 뜨는 '
             'NPC들)이 일반 퀘스트들을 줍니다퀘스트 내용은 옛날 메이플스토리의 "시워언해의 비밀의 책"이나 "가출소년 '
             '알렉스"처럼 주 스토리와 전혀 무관한 내용들로요퀘스트 보상으로 대량의 경험치(한 퀘스트 당 3~5%)와많은 아케인 '
             '심볼들(한 퀘스트 당 10~20개)을 준다면심볼 강화 수단이 지긋지긋한 일퀘밖에 없고, 레벨업 수단이 사냥밖에 없는 '
             '이 시점 조금이나마 스펙업에 도움이 될 것 같습니다',
 'published_date': '2019-09-14 15:28',
 'recommends': '4',
 'title': '아케인리버 지역의 일반 퀘스트 추가',
 'url': 'http://www.inven.co.kr/board/maple/2587/3501',
 'views': 872}
2019-10-14 22:13:54 [scrapy.core.engine] DEBUG: Crawled (200) <GET http://www.inven.co.kr/board/maple/2587/3493> (referer: http://www.inven.co.kr/board/maple/2587?p=1)
2019-10-14 22:13:54 [py.warnings] WARNING: /home/proff/anaconda3/lib/python3.7/site-packages/django/db/models/fields/__init__.py:1421: RuntimeWarning: DateTimeField ScrapyItem.published_date received a naive datetime (2019-09-08 22:52:00) while time zone support is active.
  RuntimeWarning)

2019-10-14 22:13:54 [scrapy.core.scraper] DEBUG: Scraped from <200 http://www.inven.co.kr/board/maple/2587/3493>
{'category': 1,
 'contents': '한손으로하면 이렇게나 이쁜데\xa0....하 ....지 몸뚱아리보다 큰 창을 이렇게 쎄게 던지는데\xa0이정도면 '
             '한손 해도 문제 없다고봅니다\xa0창 한손 기원',
 'published_date': '2019-09-08 22:52',
 'recommends': '0',
 'title': '창 한손좀;;; 제발',
 'url': 'http://www.inven.co.kr/board/maple/2587/3493',
 'views': 2010}
2019-10-14 22:13:55 [scrapy.core.engine] DEBUG: Crawled (200) <GET http://www.inven.co.kr/board/maple/2587/3491> (referer: http://www.inven.co.kr/board/maple/2587?p=1)
2019-10-14 22:13:55 [py.warnings] WARNING: /home/proff/anaconda3/lib/python3.7/site-packages/django/db/models/fields/__init__.py:1421: RuntimeWarning: DateTimeField ScrapyItem.published_date received a naive datetime (2019-09-05 22:22:00) while time zone support is active.
  RuntimeWarning)

2019-10-14 22:13:55 [scrapy.core.scraper] DEBUG: Scraped from <200 http://www.inven.co.kr/board/maple/2587/3491>
{'category': 1,
 'contents': '그냥 엔버가 보는 방향으로 브레스 날아가게 해주지뒷브레스좀 안되게',
 'published_date': '2019-09-05 22:22',
 'recommends': '0',
 'title': '엔버 마스코트 오브 퍼밀리어 방향좀',
 'url': 'http://www.inven.co.kr/board/maple/2587/3491',
 'views': 541}
2019-10-14 22:13:56 [scrapy.core.engine] DEBUG: Crawled (200) <GET http://www.inven.co.kr/board/maple/2587/3504> (referer: http://www.inven.co.kr/board/maple/2587?p=1)
2019-10-14 22:13:56 [py.warnings] WARNING: /home/proff/anaconda3/lib/python3.7/site-packages/django/db/models/fields/__init__.py:1421: RuntimeWarning: DateTimeField ScrapyItem.published_date received a naive datetime (2019-09-16 11:57:00) while time zone support is active.
  RuntimeWarning)

2019-10-14 22:13:56 [scrapy.core.scraper] DEBUG: Scraped from <200 http://www.inven.co.kr/board/maple/2587/3504>
{'category': 1,
 'contents': '1. 경매장,캐샵 이용시 채팅창 이게 ㅈㄴ불편한게 커뮤니케이션이 안됨\xa0 서로 얘기하다 갑자기 말이 없어지면 '
             '100에 80은 경매장이나 캐샵임 바꿀 생각이 없으면 아싸리 나왔을때 대화가 살아있는식이든가(뭐 농장갔다 나오면 '
             '된다는데 들었지만 누가 귀찮게 농장 갔다옴)2.코강 2차비번 유저들이 실수로 강화한 코어 갈아버릴까봐 개별코어 '
             '잠금같은걸로 나올줄 알았는데 그냥 통짜바리로 2차비번을 걸어버리네.. 오히려 더 귀찮아진 케이스이거는 제발 바꿔 '
             '주십쇼 이해가 안가는 패치입니다3. 지금은 할수없습니다 이거 계속뜨면 인성 파탄 날 수도있음\xa0 채널돌이나 '
             '장비교체시 이거 뜨면 샷건 욕구 상승ㅋㅋ왜 만들어놨는지 의아함(특히 피격데미지 주는 캐릭 환장한다)',
 'published_date': '2019-09-16 11:57',
 'recommends': '0',
 'title': '이거만 좀 어케해주십쇼',
 'url': 'http://www.inven.co.kr/board/maple/2587/3504',
 'views': 652}
2019-10-14 22:13:58 [scrapy.core.engine] DEBUG: Crawled (200) <GET http://www.inven.co.kr/board/maple/2587/3502> (referer: http://www.inven.co.kr/board/maple/2587?p=1)
2019-10-14 22:13:58 [py.warnings] WARNING: /home/proff/anaconda3/lib/python3.7/site-packages/django/db/models/fields/__init__.py:1421: RuntimeWarning: DateTimeField ScrapyItem.published_date received a naive datetime (2019-09-15 23:19:00) while time zone support is active.
  RuntimeWarning)

2019-10-14 22:13:58 [scrapy.core.scraper] DEBUG: Scraped from <200 http://www.inven.co.kr/board/maple/2587/3502>
{'category': 1,
 'contents': '메이플스토리 직업을 새로 내주는 것도 중요하지만 컨셉자체가 설계를 벗어난 구시대 직업들이 몇몇있습니다.그 동안 '
             '밸런스패치는 그런직업들 숫자를 건드리는 것으로만 그치고 있습니다.몇몇직업은 데미지개선만으로 직업이 본래의미를 '
             '찾았지만 어떤직업들은 구조상 문제때문에 재설계가 필요하다고 느낍니다. 직업군 리메이크카 중요하다고 느낍니다.',
 'published_date': '2019-09-15 23:19',
 'recommends': '5',
 'title': '신캐보다 리메이크를 해주자.',
 'url': 'http://www.inven.co.kr/board/maple/2587/3502',
 'views': 2032}
2019-10-14 22:14:00 [scrapy.core.engine] DEBUG: Crawled (200) <GET http://www.inven.co.kr/board/maple/2587/3500> (referer: http://www.inven.co.kr/board/maple/2587?p=1)
2019-10-14 22:14:00 [py.warnings] WARNING: /home/proff/anaconda3/lib/python3.7/site-packages/django/db/models/fields/__init__.py:1421: RuntimeWarning: DateTimeField ScrapyItem.published_date received a naive datetime (2019-09-14 13:15:00) while time zone support is active.
  RuntimeWarning)

2019-10-14 22:14:00 [scrapy.core.scraper] DEBUG: Scraped from <200 http://www.inven.co.kr/board/maple/2587/3500>
{'category': 1,
 'contents': '성제 죽이기전에',
 'published_date': '2019-09-14 13:15',
 'recommends': '2',
 'title': '우클릭으로 블랙리스트 추가 할수있게 해주셈',
 'url': 'http://www.inven.co.kr/board/maple/2587/3500',
 'views': 314}
2019-10-14 22:14:01 [scrapy.core.engine] DEBUG: Crawled (200) <GET http://www.inven.co.kr/board/maple/2587/3505> (referer: http://www.inven.co.kr/board/maple/2587?p=1)
2019-10-14 22:14:01 [py.warnings] WARNING: /home/proff/anaconda3/lib/python3.7/site-packages/django/db/models/fields/__init__.py:1421: RuntimeWarning: DateTimeField ScrapyItem.published_date received a naive datetime (2019-09-19 14:32:00) while time zone support is active.
  RuntimeWarning)

2019-10-14 22:14:01 [scrapy.core.scraper] DEBUG: Scraped from <200 http://www.inven.co.kr/board/maple/2587/3505>
{'category': 1,
 'contents': '원거리 딜러가 보스한테 1분 동안 근접으로 붙는다?그냥 근접도 아닌 초 근접으로 붙어 있어야 딜이 다 '
             '들어가는데(심지어 다 맞지도 않음 보스에 따라 아주 질질 샘)이거 바인드(에르다 노바) 없이 딜링이 가능하긴 '
             '하나요?비교하자는건 아니지만 섀도어, 듀블도 이렇게 까지 초 근접이 아닐텐데듀블은 스탠스라도 있지스탠스, 각종 '
             '유틸, 무적기 하나 없는 특성에 맞게끔 기획된 직업인데 초 근접 상태로 붙어야한다니..차라리 메콩이 럭키세븐처럼 '
             '스프레드 스로우 스킬 시전시 일정 시간 동안 스로우류 스킬을 맞추면 팅겨져서 다시 때린다는 설정으로 바꾸던가(이 '
             '과정에서 데미지, 타수 등 조정 혹은 하향이 필요하겠지만)상향을 시켜달라는게 아니라 좀 정상적이고 원래 특성과 '
             '컨셉에 맞게 딜링을 하자는거지게시판 글 몇개 읽어보면무슨 풍마 제자리? 깡쿼드 뎀퍼 상향? 버프 지속 시간 및 '
             '쿨타임 문제?솔직히 그런거 바라지도 않음직업간의 장단점이야 당연히 존재할 수 밖에 없지다만 단점을 지적하는게 '
             '아니라애초에 어긋난 기획을 문제 삼는거지 제발타 직업분들도 징징대지 말라고 할게 아니라 이런 고질적인 문제를 같이 '
             '고민해봤으면 함나로분들도 너무 터무니 없는거좀 그만 바랬으면 하고',
 'published_date': '2019-09-19 14:32',
 'recommends': '4',
 'title': '스프레드스로우 이건 좀 심한데..',
 'url': 'http://www.inven.co.kr/board/maple/2587/3505',
 'views': 1690}
2019-10-14 22:14:05 [scrapy.core.engine] DEBUG: Crawled (200) <GET http://www.inven.co.kr/board/maple/2587/3508> (referer: http://www.inven.co.kr/board/maple/2587?p=1)
2019-10-14 22:14:06 [py.warnings] WARNING: /home/proff/anaconda3/lib/python3.7/site-packages/django/db/models/fields/__init__.py:1421: RuntimeWarning: DateTimeField ScrapyItem.published_date received a naive datetime (2019-09-20 18:22:00) while time zone support is active.
  RuntimeWarning)

2019-10-14 22:14:06 [scrapy.core.scraper] DEBUG: Scraped from <200 http://www.inven.co.kr/board/maple/2587/3508>
{'category': 1,
 'contents': '일리움살려',
 'published_date': '2019-09-20 18:22',
 'recommends': '0',
 'title': '●▅▇█▇▆▅▄▇ 일리움살려',
 'url': 'http://www.inven.co.kr/board/maple/2587/3508',
 'views': 361}
2019-10-14 22:14:07 [scrapy.core.engine] DEBUG: Crawled (200) <GET http://www.inven.co.kr/board/maple/2587/3510> (referer: http://www.inven.co.kr/board/maple/2587?p=1)
2019-10-14 22:14:08 [py.warnings] WARNING: /home/proff/anaconda3/lib/python3.7/site-packages/django/db/models/fields/__init__.py:1421: RuntimeWarning: DateTimeField ScrapyItem.published_date received a naive datetime (2019-09-21 05:34:00) while time zone support is active.
  RuntimeWarning)

2019-10-14 22:14:08 [scrapy.core.scraper] DEBUG: Scraped from <200 http://www.inven.co.kr/board/maple/2587/3510>
{'category': 1,
 'contents': '섀도어살려줘',
 'published_date': '2019-09-21 05:34',
 'recommends': '0',
 'title': '●▅▇█▇▆▅▄▇  섀도어 살려줘',
 'url': 'http://www.inven.co.kr/board/maple/2587/3510',
 'views': 482}
2019-10-14 22:14:10 [scrapy.core.engine] DEBUG: Crawled (200) <GET http://www.inven.co.kr/board/maple/2587/3506> (referer: http://www.inven.co.kr/board/maple/2587?p=1)
2019-10-14 22:14:10 [py.warnings] WARNING: /home/proff/anaconda3/lib/python3.7/site-packages/django/db/models/fields/__init__.py:1421: RuntimeWarning: DateTimeField ScrapyItem.published_date received a naive datetime (2019-09-19 21:44:00) while time zone support is active.
  RuntimeWarning)

2019-10-14 22:14:10 [scrapy.core.scraper] DEBUG: Scraped from <200 http://www.inven.co.kr/board/maple/2587/3506>
{'category': 1,
 'contents': '섀도어 암살 이대로 본섭오는거 결사반대!!! 일반몹 뎀증은 누구 약 올리냐',
 'published_date': '2019-09-19 21:44',
 'recommends': '0',
 'title': '●▅▇█▇▆  ▅▄▇ 섀도어 살려줘',
 'url': 'http://www.inven.co.kr/board/maple/2587/3506',
 'views': 749}
2019-10-14 22:14:12 [scrapy.core.downloader.handlers.http11] WARNING: Got data loss in http://www.inven.co.kr/board/maple/2587/3484. If you want to process broken responses set the setting DOWNLOAD_FAIL_ON_DATALOSS = False -- This message won't be shown in further requests
2019-10-14 22:14:12 [scrapy.downloadermiddlewares.retry] DEBUG: Retrying <GET http://www.inven.co.kr/board/maple/2587/3484> (failed 1 times): [<twisted.python.failure.Failure twisted.internet.error.ConnectionLost: Connection to the other side was lost in a non-clean fashion.>, <twisted.python.failure.Failure twisted.web.http._DataLoss: Chunked decoder in 'BODY' state, still expecting more data to get to 'FINISHED' state.>]
2019-10-14 22:14:15 [scrapy.core.engine] DEBUG: Crawled (200) <GET http://www.inven.co.kr/board/maple/2587/3512> (referer: http://www.inven.co.kr/board/maple/2587?p=1)
2019-10-14 22:14:15 [py.warnings] WARNING: /home/proff/anaconda3/lib/python3.7/site-packages/django/db/models/fields/__init__.py:1421: RuntimeWarning: DateTimeField ScrapyItem.published_date received a naive datetime (2019-09-21 16:11:00) while time zone support is active.
  RuntimeWarning)

2019-10-14 22:14:15 [scrapy.core.scraper] DEBUG: Scraped from <200 http://www.inven.co.kr/board/maple/2587/3512>
{'category': 1,
 'contents': '카데나 일리움 호영 궁수링크 법사링크 도적링크 전사링크 등이 추가됨에 따라 링크칸수도 최소 14개 이상으로 '
             '늘려줘야한다고 생각합니다',
 'published_date': '2019-09-21 16:11',
 'recommends': '3',
 'title': '링크스킬은 엄청 늘어났는데 왜 링크칸수는 옛날 그대로인가요',
 'url': 'http://www.inven.co.kr/board/maple/2587/3512',
 'views': 905}
2019-10-14 22:14:17 [scrapy.core.engine] DEBUG: Crawled (200) <GET http://www.inven.co.kr/board/maple/2587/3513> (referer: http://www.inven.co.kr/board/maple/2587?p=1)
2019-10-14 22:14:17 [py.warnings] WARNING: /home/proff/anaconda3/lib/python3.7/site-packages/django/db/models/fields/__init__.py:1421: RuntimeWarning: DateTimeField ScrapyItem.published_date received a naive datetime (2019-09-22 01:49:00) while time zone support is active.
  RuntimeWarning)

2019-10-14 22:14:17 [scrapy.core.scraper] DEBUG: Scraped from <200 http://www.inven.co.kr/board/maple/2587/3513>
{'category': 1,
 'contents': '현재 리부트에서 가볍게 즐기고 있는 유저인데, 제가 예전에\xa0본섭에서 제로를 굉장히 재밌게 플레이를 했습니다. '
             '또한, 현재 리부트에서도 여러 캐릭을 키우고 있습니다. 근데 아무리 좋은 캐릭을 키워도 제가 제로를 '
             '육성할떄만큼의재미를 느껴본 캐릭이 없습니다. 그래서 제 개인적인 소망으로 리부트에 제로 출시를 원하는겁니다.\xa0'
             '그리고 아무리 제가 생각을 해봐도 만약에 제로 리부트 출시를 할 경우, 리부트 서버에서 본섭 달리, 특별\xa0'
             "대우를 받는것도 아니라고 생각이 듭니다. 대다수의 메이플 본섭 유저에게 '너 리부트에서 육성할래?'라고 물어보면 "
             '대다수는 거부반응을 먼저 보입니다. 그만큼 리부트가 진입장벽이 좀 높은 것이죠 진입장벽이 높으면 유저들의 수가 많지 '
             '않고 본섭에 대해 소수의 사람들만 리부트 서버를 즐깁니다. 근데 이 소수의 사람들 중에서도 많은 유저들이 리부트 '
             '제로 출시를 원하고 있습니다. \xa0현실적으로 제로를 리부트에 알맞게 맞추는 것은 쉽지 않을 수 있습니다. 그러나 '
             "만약 제가 쓴 건의문을 보시고 메이플 측에서 제로를 리부트 섭에 출시를 해 주시면 '적어도 메이플이 유저의 의견을 "
             "반영하려구 하는구나'라는 생각이 들게 될겁니다. 이로인해 메이플은 다시 한 번 유저의 신뢰감을 얻게되는 좋은 계기가 "
             "될 수 있다고 생각합니다.여기까지 저의 긴 글을 읽어주신것에 다시 한 번 감사의말씀 올리며 '리부트 제로 출시' "
             '한번 기대하겠습니다 ㅎㅎ\xa0(부족한 부분은 사랑으로 채워주시길^^)',
 'published_date': '2019-09-22 01:49',
 'recommends': '15',
 'title': '리부트 제로 출시 기원',
 'url': 'http://www.inven.co.kr/board/maple/2587/3513',
 'views': 1157}
2019-10-14 22:14:21 [scrapy.core.engine] DEBUG: Crawled (200) <GET http://www.inven.co.kr/board/maple/2587/3517> (referer: http://www.inven.co.kr/board/maple/2587?p=1)
2019-10-14 22:14:21 [py.warnings] WARNING: /home/proff/anaconda3/lib/python3.7/site-packages/django/db/models/fields/__init__.py:1421: RuntimeWarning: DateTimeField ScrapyItem.published_date received a naive datetime (2019-09-24 04:55:00) while time zone support is active.
  RuntimeWarning)

2019-10-14 22:14:21 [scrapy.core.scraper] DEBUG: Scraped from <200 http://www.inven.co.kr/board/maple/2587/3517>
{'category': 1,
 'contents': '시그너스 직업군은 점+위+점\xa0모험가 궁수류는 점+위+위점위위 방식이 가끔 씹힐때도 있어서 불편한데 점위점으로 '
             '통일해줬으면 좋겠네요\xa0',
 'published_date': '2019-09-24 04:55',
 'recommends': '6',
 'title': '윗점프 통일해줬으면 좋겠네요',
 'url': 'http://www.inven.co.kr/board/maple/2587/3517',
 'views': 1472}
2019-10-14 22:14:22 [scrapy.core.engine] DEBUG: Crawled (200) <GET http://www.inven.co.kr/board/maple/2587/3511> (referer: http://www.inven.co.kr/board/maple/2587?p=1)
2019-10-14 22:14:22 [py.warnings] WARNING: /home/proff/anaconda3/lib/python3.7/site-packages/django/db/models/fields/__init__.py:1421: RuntimeWarning: DateTimeField ScrapyItem.published_date received a naive datetime (2019-09-21 11:03:00) while time zone support is active.
  RuntimeWarning)

2019-10-14 22:14:22 [scrapy.core.scraper] DEBUG: Scraped from <200 http://www.inven.co.kr/board/maple/2587/3511>
{'category': 1,
 'contents': '일리움은 제가 애정을 가지고 처음 200을 찍은 캐릭터이자처음 에스페라까지 보내준 캐릭이에요거기다 어제 태성비도 '
             '먹여서 처음 236레벨을 찍었어요일리움을 본캐로 키우는 사람들은 전부 애정을 갖고 키우는 사람들입니다 물론 자기 '
             '캐릭터에 애정이 없는 사람이 있겠냐마는일리움은 특히 소수직업군이고 그만큼 고렙 유저들이 적어요아마 이번 밸패에서 '
             '일리움의 주력기를 건든 이유는 제자리 사냥으로 인한 매크로 문제 때문이겠죠. 하지만 제자리 사냥은 한자리에서 캐릭이 '
             '이동하지않고 계속 스킬만쓰고있으면 스킬자체가 나가질않아요 그 시간은 2분도 안되는시간이구요그리고 일리움은 대부분 '
             '아르카나 다갈동에서 사냥을 하는데거기서 일리움을 본적이 열손가락 안에 뽑을정도네요 그만큼 유저수가 적은 직업군입니다 '
             '그래서 이번 밸패에 치명적인 너프를 당했는데도 사람들에게 많이 알려지지 않았어요ㅠㅠ운영진이 유튜브에서 일리움 '
             '사냥영상만보고 그냥 너프먹인거같은데 일리움은 그 사냥터가 아니면 사냥이 일단 너무 힘든 캐릭터에요 츄깊을 지나면 '
             '알카 다갈동에서 최대한 썩어야해요모라스는 맵이 전부 넓어서 일리움이 사냥하기엔 사냥피로도가엄청나거든요 알카에서 '
             '최대한 버티다가 도저히 안되겠다 싶을때 다음사냥터로 넘어가야합니다다른 스킬들에 후딜을 개선해주고 최종뎀을 올려준건 '
             '좋은일이긴하나 그것보다 사냥과 보스에 사용하는 주력기를 너무 크게 너프를 시켜서 지금 아주 심각한 상황입니다일리움을 '
             '조금이라도 관심을 갖고 키워보신 분들은 알거에요모든맵에서 제자리사냥이 되진않는다는것 그리고 제자리 사냥이 되는 '
             '맵자체도 굉장히 갯수가 적다는것.넓은맵은 제자리 사냥이 불가능해요 그리고 텔포도 매우 짧은편이라 이동하면서 사냥하면 '
             '피로도가 심합니다그래서 유튭엔 일리움 사냥이라치면 츄깊,다갈동,동아 여기서 제자리사냥하는 영상밖에 안나올거에요 '
             '거기서밖에 제자리사냥이 안되니까요.일리움 스킬 컨셉자체가 크리스탈에 자벨린이 튕기면서 몬스터를 잡는거였는데 지금 '
             '테섭을보면 그런 컨셉도 무너트리는 상황이고 또한 캐릭주변을 벗어나면 자벨린이 사라지는 현상도 나오고있어요 이건 '
             '일리움 주력기를 뺏는거와 다름이 없습니다후딜개선도 필요하긴 하지만 차라리 그냥 롤백이 더 나은것같아요 정말로. '
             '일리움이 아무리 소수직업군이고 화제성이 없는 직업군이라지만 이렇게 패치를 하는건 정말 잘못된 방향의 패치인것같습니다',
 'published_date': '2019-09-21 11:03',
 'recommends': '10',
 'title': '일리움 롤백이 시급합니다',
 'url': 'http://www.inven.co.kr/board/maple/2587/3511',
 'views': 724}
2019-10-14 22:14:31 [scrapy.core.engine] DEBUG: Crawled (200) <GET http://www.inven.co.kr/board/maple/2587/3518> (referer: http://www.inven.co.kr/board/maple/2587?p=1)
2019-10-14 22:14:31 [py.warnings] WARNING: /home/proff/anaconda3/lib/python3.7/site-packages/django/db/models/fields/__init__.py:1421: RuntimeWarning: DateTimeField ScrapyItem.published_date received a naive datetime (2019-09-24 13:05:00) while time zone support is active.
  RuntimeWarning)

2019-10-14 22:14:31 [scrapy.core.scraper] DEBUG: Scraped from <200 http://www.inven.co.kr/board/maple/2587/3518>
{'category': 1,
 'contents': '출시해주세요!!!닐리리캐충하겠습니다..!',
 'published_date': '2019-09-24 13:05',
 'recommends': '0',
 'title': '지코 눈과 닮은 갈고리눈',
 'url': 'http://www.inven.co.kr/board/maple/2587/3518',
 'views': 1103}
2019-10-14 22:14:31 [scrapy.crawler] INFO: Received SIGINT, shutting down gracefully. Send again to force 
2019-10-14 22:14:31 [scrapy.core.engine] INFO: Closing spider (shutdown)
2019-10-14 22:14:37 [scrapy.core.engine] DEBUG: Crawled (200) <GET http://www.inven.co.kr/board/maple/2587/3509> (referer: http://www.inven.co.kr/board/maple/2587?p=1)
2019-10-14 22:14:37 [py.warnings] WARNING: /home/proff/anaconda3/lib/python3.7/site-packages/django/db/models/fields/__init__.py:1421: RuntimeWarning: DateTimeField ScrapyItem.published_date received a naive datetime (2019-09-20 21:27:00) while time zone support is active.
  RuntimeWarning)

2019-10-14 22:14:37 [scrapy.core.scraper] DEBUG: Scraped from <200 http://www.inven.co.kr/board/maple/2587/3509>
{'category': 1,
 'contents': '이번에 밸패로 인해서 본캐 갈아탈 사람 많은데 본캐에 있는 캐시, 펫 옮기고 싶어요.캐시 이동 좀 열어주세요',
 'published_date': '2019-09-20 21:27',
 'recommends': '4',
 'title': '밸패 하니까 캐시이동 열어주세요',
 'url': 'http://www.inven.co.kr/board/maple/2587/3509',
 'views': 730}
2019-10-14 22:14:38 [scrapy.core.engine] DEBUG: Crawled (200) <GET http://www.inven.co.kr/board/maple/2587/3523> (referer: http://www.inven.co.kr/board/maple/2587?p=1)
2019-10-14 22:14:38 [py.warnings] WARNING: /home/proff/anaconda3/lib/python3.7/site-packages/django/db/models/fields/__init__.py:1421: RuntimeWarning: DateTimeField ScrapyItem.published_date received a naive datetime (2019-09-28 13:28:00) while time zone support is active.
  RuntimeWarning)

2019-10-14 22:14:38 [scrapy.core.scraper] DEBUG: Scraped from <200 http://www.inven.co.kr/board/maple/2587/3523>
{'category': 1,
 'contents': '슬슬 나올때 된거같은 데에!!!',
 'published_date': '2019-09-28 13:28',
 'recommends': '1',
 'title': '뽀송 언제나오죠 ..',
 'url': 'http://www.inven.co.kr/board/maple/2587/3523',
 'views': 653}
2019-10-14 22:14:46 [scrapy.extensions.logstats] INFO: Crawled 44 pages (at 18 pages/min), scraped 42 items (at 18 items/min)
2019-10-14 22:14:50 [scrapy.core.engine] DEBUG: Crawled (200) <GET http://www.inven.co.kr/board/maple/2587/3514> (referer: http://www.inven.co.kr/board/maple/2587?p=1)
2019-10-14 22:14:50 [py.warnings] WARNING: /home/proff/anaconda3/lib/python3.7/site-packages/django/db/models/fields/__init__.py:1421: RuntimeWarning: DateTimeField ScrapyItem.published_date received a naive datetime (2019-09-22 20:49:00) while time zone support is active.
  RuntimeWarning)

2019-10-14 22:14:50 [scrapy.core.scraper] DEBUG: Scraped from <200 http://www.inven.co.kr/board/maple/2587/3514>
{'category': 1,
 'contents': '개인적으로 문득 느낀건데,입장전에 중요 버프나 스택류 스킬들 시전후에도보스 인트로와 상관없이 버프시간 유지되면 '
             '편의성 향상에 도움이 될 것 같습니다..예)데미안,루시드,윌,진힐라,검마 등등..',
 'published_date': '2019-09-22 20:49',
 'recommends': '0',
 'title': '인트로 화면 나오는 보스입장시..',
 'url': 'http://www.inven.co.kr/board/maple/2587/3514',
 'views': 418}
2019-10-14 22:14:52 [scrapy.core.engine] DEBUG: Crawled (200) <GET http://www.inven.co.kr/board/maple/2587/3484> (referer: http://www.inven.co.kr/board/maple/2587?p=1)
2019-10-14 22:14:52 [py.warnings] WARNING: /home/proff/anaconda3/lib/python3.7/site-packages/django/db/models/fields/__init__.py:1421: RuntimeWarning: DateTimeField ScrapyItem.published_date received a naive datetime (2019-08-29 09:54:00) while time zone support is active.
  RuntimeWarning)

2019-10-14 22:14:52 [scrapy.core.scraper] DEBUG: Scraped from <200 http://www.inven.co.kr/board/maple/2587/3484>
{'category': 1,
 'contents': '- 파티퀘스트 개편 -ㄹㅇ 파퀘하는사람 있음?파퀘템셋 진짜 개그지처럼 옵션 만들어놓고 경험치도 안줘 이럴거면 '
             '파티퀘스트 왜만든지 모르겠음..갠적으로 나는 정말 예전에 커닝파퀘 루디파퀘 올비파퀘 등등 유저가 다같이 협심해서 '
             '파퀘했던 그 시절이 너무 즐거웠던걸로 기억하는데 지금 메이플은 너무 솔플위주임..ㅠㅠ다른 rpg보면 진짜 파티가 '
             '중요한 게임이 많고 그 게임들 파티맺고 디코하면서 재밌게 플레이하는데 메이플은 진짜 갈수록 솔플솔플.. 파티컨텐츠 '
             '개편좀 합시다.',
 'published_date': '2019-08-29 09:54',
 'recommends': '16',
 'title': '이건 좀 고려해보자.',
 'url': 'http://www.inven.co.kr/board/maple/2587/3484',
 'views': 4531}
2019-10-14 22:15:01 [scrapy.core.downloader.handlers.http11] WARNING: Got data loss in http://www.inven.co.kr/board/maple/2587/3507. If you want to process broken responses set the setting DOWNLOAD_FAIL_ON_DATALOSS = False -- This message won't be shown in further requests
2019-10-14 22:15:01 [scrapy.downloadermiddlewares.retry] DEBUG: Retrying <GET http://www.inven.co.kr/board/maple/2587/3507> (failed 1 times): [<twisted.python.failure.Failure twisted.internet.error.ConnectionLost: Connection to the other side was lost in a non-clean fashion.>, <twisted.python.failure.Failure twisted.web.http._DataLoss: Chunked decoder in 'BODY' state, still expecting more data to get to 'FINISHED' state.>]
2019-10-14 22:15:46 [scrapy.extensions.logstats] INFO: Crawled 46 pages (at 2 pages/min), scraped 44 items (at 2 items/min)
2019-10-14 22:16:46 [scrapy.extensions.logstats] INFO: Crawled 46 pages (at 0 pages/min), scraped 44 items (at 0 items/min)
2019-10-14 22:17:10 [scrapy.downloadermiddlewares.retry] DEBUG: Retrying <GET http://www.inven.co.kr/board/maple/2587/3515> (failed 1 times): User timeout caused connection failure: Getting http://www.inven.co.kr/board/maple/2587/3515 took longer than 180.0 seconds..
2019-10-14 22:17:17 [scrapy.downloadermiddlewares.retry] DEBUG: Retrying <GET http://www.inven.co.kr/board/maple/2587/3519> (failed 1 times): User timeout caused connection failure: Getting http://www.inven.co.kr/board/maple/2587/3519 took longer than 180.0 seconds..
2019-10-14 22:17:22 [scrapy.downloadermiddlewares.retry] DEBUG: Retrying <GET http://www.inven.co.kr/board/maple/2587/3524> (failed 1 times): User timeout caused connection failure: Getting http://www.inven.co.kr/board/maple/2587/3524 took longer than 180.0 seconds..
2019-10-14 22:17:31 [scrapy.downloadermiddlewares.retry] DEBUG: Retrying <GET http://www.inven.co.kr/board/maple/2587/3525> (failed 1 times): User timeout caused connection failure: Getting http://www.inven.co.kr/board/maple/2587/3525 took longer than 180.0 seconds..
2019-10-14 22:17:37 [scrapy.downloadermiddlewares.retry] DEBUG: Retrying <GET http://www.inven.co.kr/board/maple/2587/3526> (failed 1 times): User timeout caused connection failure: Getting http://www.inven.co.kr/board/maple/2587/3526 took longer than 180.0 seconds..
2019-10-14 22:17:37 [scrapy.statscollectors] INFO: Dumping Scrapy stats:
{'downloader/exception_count': 7,
 'downloader/exception_type_count/twisted.internet.error.TimeoutError': 5,
 'downloader/exception_type_count/twisted.web._newclient.ResponseFailed': 2,
 'downloader/request_bytes': 23541,
 'downloader/request_count': 53,
 'downloader/request_method_count/GET': 53,
 'downloader/response_bytes': 2539429,
 'downloader/response_count': 46,
 'downloader/response_status_count/200': 46,
 'finish_reason': 'shutdown',
 'finish_time': datetime.datetime(2019, 10, 14, 13, 17, 37, 720300),
 'item_scraped_count': 44,
 'log_count/DEBUG': 97,
 'log_count/INFO': 14,
 'log_count/WARNING': 46,
 'memusage/max': 131284992,
 'memusage/startup': 76296192,
 'request_depth_max': 1,
 'response_received_count': 46,
 'retry/count': 7,
 'retry/reason_count/twisted.internet.error.TimeoutError': 5,
 'retry/reason_count/twisted.web._newclient.ResponseFailed': 2,
 'robotstxt/request_count': 1,
 'robotstxt/response_count': 1,
 'robotstxt/response_status_count/200': 1,
 'scheduler/dequeued': 52,
 'scheduler/dequeued/memory': 52,
 'scheduler/enqueued': 58,
 'scheduler/enqueued/memory': 58,
 'start_time': datetime.datetime(2019, 10, 14, 13, 12, 46, 33257)}
2019-10-14 22:17:37 [scrapy.core.engine] INFO: Spider closed (shutdown)
