2019-10-16 02:29:24 [scrapy.utils.log] INFO: Scrapy 1.6.0 started (bot: scrapy_app)
2019-10-16 02:29:24 [scrapy.utils.log] INFO: Versions: lxml 4.4.1.0, libxml2 2.9.9, cssselect 1.1.0, parsel 1.5.2, w3lib 1.21.0, Twisted 19.7.0, Python 3.7.3 (default, Mar 27 2019, 22:11:17) - [GCC 7.3.0], pyOpenSSL 19.0.0 (OpenSSL 1.1.1d  10 Sep 2019), cryptography 2.7, Platform Linux-5.0.0-31-generic-x86_64-with-debian-buster-sid
2019-10-16 02:29:24 [scrapy.crawler] INFO: Overridden settings: {'BOT_NAME': 'scrapy_app', 'LOG_FILE': 'logs/default/crawler/53b0b888ef7111e9a876d1df4cae82cb.log', 'NEWSPIDER_MODULE': 'scrapy_app.spiders', 'ROBOTSTXT_OBEY': True, 'SPIDER_MODULES': ['scrapy_app.spiders'], 'USER_AGENT': 'Mozilla/5.0 (compatible; Googlebot/2.1; +http://www.google.com/bot.html)'}
2019-10-16 02:29:24 [scrapy.extensions.telnet] INFO: Telnet Password: f12d74710a7613a6
2019-10-16 02:29:24 [scrapy.middleware] INFO: Enabled extensions:
['scrapy.extensions.corestats.CoreStats',
 'scrapy.extensions.telnet.TelnetConsole',
 'scrapy.extensions.memusage.MemoryUsage',
 'scrapy.extensions.logstats.LogStats']
2019-10-16 02:29:24 [scrapy.middleware] INFO: Enabled downloader middlewares:
['scrapy.downloadermiddlewares.robotstxt.RobotsTxtMiddleware',
 'scrapy.downloadermiddlewares.httpauth.HttpAuthMiddleware',
 'scrapy.downloadermiddlewares.downloadtimeout.DownloadTimeoutMiddleware',
 'scrapy.downloadermiddlewares.defaultheaders.DefaultHeadersMiddleware',
 'scrapy.downloadermiddlewares.useragent.UserAgentMiddleware',
 'scrapy.downloadermiddlewares.retry.RetryMiddleware',
 'scrapy.downloadermiddlewares.redirect.MetaRefreshMiddleware',
 'scrapy.downloadermiddlewares.httpcompression.HttpCompressionMiddleware',
 'scrapy.downloadermiddlewares.redirect.RedirectMiddleware',
 'scrapy.downloadermiddlewares.cookies.CookiesMiddleware',
 'scrapy.downloadermiddlewares.httpproxy.HttpProxyMiddleware',
 'scrapy.downloadermiddlewares.stats.DownloaderStats']
2019-10-16 02:29:24 [scrapy.middleware] INFO: Enabled spider middlewares:
['scrapy.spidermiddlewares.httperror.HttpErrorMiddleware',
 'scrapy.spidermiddlewares.offsite.OffsiteMiddleware',
 'scrapy.spidermiddlewares.referer.RefererMiddleware',
 'scrapy.spidermiddlewares.urllength.UrlLengthMiddleware',
 'scrapy.spidermiddlewares.depth.DepthMiddleware']
2019-10-16 02:29:24 [scrapy.middleware] INFO: Enabled item pipelines:
['scrapy_app.pipelines.ScrapyAppPipeline']
2019-10-16 02:29:24 [scrapy.core.engine] INFO: Spider opened
2019-10-16 02:29:24 [scrapy.extensions.logstats] INFO: Crawled 0 pages (at 0 pages/min), scraped 0 items (at 0 items/min)
2019-10-16 02:29:24 [scrapy.extensions.telnet] INFO: Telnet console listening on 127.0.0.1:6023
2019-10-16 02:29:25 [scrapy.core.engine] DEBUG: Crawled (200) <GET http://www.inven.co.kr/robots.txt> (referer: None)
2019-10-16 02:30:01 [scrapy.core.engine] DEBUG: Crawled (200) <GET http://www.inven.co.kr/board/maple/2587?p=1> (referer: None)
2019-10-16 02:30:05 [scrapy.core.engine] DEBUG: Crawled (200) <GET http://www.inven.co.kr/board/maple/2587/3543> (referer: http://www.inven.co.kr/board/maple/2587?p=1)
2019-10-16 02:30:05 [py.warnings] WARNING: /home/proff/anaconda3/lib/python3.7/site-packages/django/db/models/fields/__init__.py:1421: RuntimeWarning: DateTimeField ScrapyItem.published_date received a naive datetime (2019-10-13 19:07:00) while time zone support is active.
  RuntimeWarning)

2019-10-16 02:30:05 [scrapy.core.scraper] DEBUG: Scraped from <200 http://www.inven.co.kr/board/maple/2587/3543>
{'category': 1,
 'contents': '사랑해',
 'published_date': '2019-10-13 19:07',
 'recommends': '0',
 'title': '메이플',
 'url': 'http://www.inven.co.kr/board/maple/2587/3543',
 'views': 201}
2019-10-16 02:30:09 [scrapy.core.engine] DEBUG: Crawled (200) <GET http://www.inven.co.kr/board/maple/2587/3546> (referer: http://www.inven.co.kr/board/maple/2587?p=1)
2019-10-16 02:30:09 [py.warnings] WARNING: /home/proff/anaconda3/lib/python3.7/site-packages/django/db/models/fields/__init__.py:1421: RuntimeWarning: DateTimeField ScrapyItem.published_date received a naive datetime (2019-10-15 15:00:00) while time zone support is active.
  RuntimeWarning)

2019-10-16 02:30:09 [scrapy.core.scraper] DEBUG: Scraped from <200 http://www.inven.co.kr/board/maple/2587/3546>
{'category': 1,
 'contents': '몇년동안 길드마크 고정이고 변경된거 1도없는데추가적으로 좀 색다른 마크들도 생겻으면 좋겠습니다',
 'published_date': '2019-10-15 15:00',
 'recommends': '0',
 'title': '길드 마크 추가하자',
 'url': 'http://www.inven.co.kr/board/maple/2587/3546',
 'views': 93}
2019-10-16 02:30:09 [scrapy.core.engine] DEBUG: Crawled (200) <GET http://www.inven.co.kr/board/maple/2587/3541> (referer: http://www.inven.co.kr/board/maple/2587?p=1)
2019-10-16 02:30:09 [py.warnings] WARNING: /home/proff/anaconda3/lib/python3.7/site-packages/django/db/models/fields/__init__.py:1421: RuntimeWarning: DateTimeField ScrapyItem.published_date received a naive datetime (2019-10-13 15:56:00) while time zone support is active.
  RuntimeWarning)

2019-10-16 02:30:09 [scrapy.core.scraper] DEBUG: Scraped from <200 http://www.inven.co.kr/board/maple/2587/3541>
{'category': 1,
 'contents': '&nbsp;●▅▇█▇▆ ▅▄▇ 나로 살려줭',
 'published_date': '2019-10-13 15:56',
 'recommends': '0',
 'title': '●▅▇█▇▆ ▅▄▇ 나로 살려줭',
 'url': 'http://www.inven.co.kr/board/maple/2587/3541',
 'views': 203}
2019-10-16 02:30:09 [scrapy.core.engine] DEBUG: Crawled (200) <GET http://www.inven.co.kr/board/maple/2587/3544> (referer: http://www.inven.co.kr/board/maple/2587?p=1)
2019-10-16 02:30:09 [py.warnings] WARNING: /home/proff/anaconda3/lib/python3.7/site-packages/django/db/models/fields/__init__.py:1421: RuntimeWarning: DateTimeField ScrapyItem.published_date received a naive datetime (2019-10-14 02:19:00) while time zone support is active.
  RuntimeWarning)

2019-10-16 02:30:09 [scrapy.core.scraper] DEBUG: Scraped from <200 http://www.inven.co.kr/board/maple/2587/3544>
{'category': 1,
 'contents': '~다른직업도 자전 열어주던가~~',
 'published_date': '2019-10-14 02:19',
 'recommends': '0',
 'title': '자전코인 삭제해',
 'url': 'http://www.inven.co.kr/board/maple/2587/3544',
 'views': 1070}
2019-10-16 02:30:11 [scrapy.core.engine] DEBUG: Crawled (200) <GET http://www.inven.co.kr/board/maple/2587/3538> (referer: http://www.inven.co.kr/board/maple/2587?p=1)
2019-10-16 02:30:11 [py.warnings] WARNING: /home/proff/anaconda3/lib/python3.7/site-packages/django/db/models/fields/__init__.py:1421: RuntimeWarning: DateTimeField ScrapyItem.published_date received a naive datetime (2019-10-13 07:49:00) while time zone support is active.
  RuntimeWarning)

2019-10-16 02:30:11 [scrapy.core.scraper] DEBUG: Scraped from <200 http://www.inven.co.kr/board/maple/2587/3538>
{'category': 1,
 'contents': '미스틱도어 쓰는 유저인데 솔직히 살때 노가다 좀 귀찮음...100개씩 언제 다 사한묶음에 천개넘게되는모양이던데',
 'published_date': '2019-10-13 07:49',
 'recommends': '0',
 'title': '마법의 돌 알케스터 한번에 구매 1000개씩 되게좀',
 'url': 'http://www.inven.co.kr/board/maple/2587/3538',
 'views': 151}
2019-10-16 02:30:12 [scrapy.core.engine] DEBUG: Crawled (200) <GET http://www.inven.co.kr/board/maple/2587/3539> (referer: http://www.inven.co.kr/board/maple/2587?p=1)
2019-10-16 02:30:12 [py.warnings] WARNING: /home/proff/anaconda3/lib/python3.7/site-packages/django/db/models/fields/__init__.py:1421: RuntimeWarning: DateTimeField ScrapyItem.published_date received a naive datetime (2019-10-13 13:56:00) while time zone support is active.
  RuntimeWarning)

2019-10-16 02:30:12 [scrapy.core.scraper] DEBUG: Scraped from <200 http://www.inven.co.kr/board/maple/2587/3539>
{'category': 1,
 'contents': '예전에 모험가 직업군 스킬들도 리뉴얼한 적이 있었지만그것도 한참 오래 된 2010년대 초반 얘기일 뿐지금 스킬 '
             '이펙트 구립니다요즘 나오는 신직업들처럼 뿌슝뿌붐빵빠슝하게 바꿔주세요',
 'published_date': '2019-10-13 13:56',
 'recommends': '0',
 'title': '모험가 직업군 스킬 리메이크',
 'url': 'http://www.inven.co.kr/board/maple/2587/3539',
 'views': 230}
2019-10-16 02:30:15 [scrapy.core.engine] DEBUG: Crawled (200) <GET http://www.inven.co.kr/board/maple/2587/3534> (referer: http://www.inven.co.kr/board/maple/2587?p=1)
2019-10-16 02:30:15 [py.warnings] WARNING: /home/proff/anaconda3/lib/python3.7/site-packages/django/db/models/fields/__init__.py:1421: RuntimeWarning: DateTimeField ScrapyItem.published_date received a naive datetime (2019-10-09 21:25:00) while time zone support is active.
  RuntimeWarning)

2019-10-16 02:30:15 [scrapy.core.scraper] DEBUG: Scraped from <200 http://www.inven.co.kr/board/maple/2587/3534>
{'category': 1,
 'contents': '윈브도 더블 점프 색좀 바꿔줘여\xa0박쥐 날리는애는 멋지게 됬드만..',
 'published_date': '2019-10-09 21:25',
 'recommends': '0',
 'title': '윈브도 더블 점프 색좀 바꿔줘여',
 'url': 'http://www.inven.co.kr/board/maple/2587/3534',
 'views': 714}
2019-10-16 02:30:15 [scrapy.core.engine] DEBUG: Crawled (200) <GET http://www.inven.co.kr/board/maple/2587/3540> (referer: http://www.inven.co.kr/board/maple/2587?p=1)
2019-10-16 02:30:15 [py.warnings] WARNING: /home/proff/anaconda3/lib/python3.7/site-packages/django/db/models/fields/__init__.py:1421: RuntimeWarning: DateTimeField ScrapyItem.published_date received a naive datetime (2019-10-13 15:55:00) while time zone support is active.
  RuntimeWarning)

2019-10-16 02:30:16 [scrapy.core.scraper] DEBUG: Scraped from <200 http://www.inven.co.kr/board/maple/2587/3540>
{'category': 1,
 'contents': '●▅▇█▇▆ ▅▄▇ 섀도 살려줭',
 'published_date': '2019-10-13 15:55',
 'recommends': '0',
 'title': '●▅▇█▇▆ ▅▄▇ 섀도 살려줭',
 'url': 'http://www.inven.co.kr/board/maple/2587/3540',
 'views': 148}
2019-10-16 02:30:19 [scrapy.core.engine] DEBUG: Crawled (200) <GET http://www.inven.co.kr/board/maple/2587/3532> (referer: http://www.inven.co.kr/board/maple/2587?p=1)
2019-10-16 02:30:19 [py.warnings] WARNING: /home/proff/anaconda3/lib/python3.7/site-packages/django/db/models/fields/__init__.py:1421: RuntimeWarning: DateTimeField ScrapyItem.published_date received a naive datetime (2019-10-07 18:17:00) while time zone support is active.
  RuntimeWarning)

2019-10-16 02:30:19 [scrapy.core.scraper] DEBUG: Scraped from <200 http://www.inven.co.kr/board/maple/2587/3532>
{'category': 1,
 'contents': '메이플스토리(이하 메이플) 와 메이플스토리m(이하 메m) 연계 확대○ 지금 제공중인 것1. 메m 일일임무로 메이플 '
             '마일리지7002. 메m 120레벨 이상시 메이플에서 유니온 ss3. 메이플포인트 공유○ 바라는 것1. 코인샆에서 '
             '관련 아이템 판매ex) 메이플에서 메m 보장상자, 메m에서 메이플 버닝물약2. 유니온 sss 확장 or 적용 캐릭 '
             '확대',
 'published_date': '2019-10-07 18:17',
 'recommends': '0',
 'title': '메이플스토리와 메이플스토리m 연계 확대',
 'url': 'http://www.inven.co.kr/board/maple/2587/3532',
 'views': 990}
2019-10-16 02:30:21 [scrapy.core.engine] DEBUG: Crawled (200) <GET http://www.inven.co.kr/board/maple/2587/3536> (referer: http://www.inven.co.kr/board/maple/2587?p=1)
2019-10-16 02:30:21 [py.warnings] WARNING: /home/proff/anaconda3/lib/python3.7/site-packages/django/db/models/fields/__init__.py:1421: RuntimeWarning: DateTimeField ScrapyItem.published_date received a naive datetime (2019-10-10 19:57:00) while time zone support is active.
  RuntimeWarning)

2019-10-16 02:30:21 [scrapy.core.scraper] DEBUG: Scraped from <200 http://www.inven.co.kr/board/maple/2587/3536>
{'category': 1,
 'contents': '엘보 돌리는 매크로 때문에 일부러 이렇게 둔거라면 곧무 뜬 후에 만이라도\xa0 몇 마리 더 잡으면 되는지 잠시 '
             '떳다 사라지는 메세지 형태로라도 알려주면 편할 것 같습니다.. ',
 'published_date': '2019-10-10 19:57',
 'recommends': '0',
 'title': '엘리트 보스 뜨기 전까지 몇 마리 잡아야 하는지 확인표나 게이지 같은게 있으면 좋겠습니다.',
 'url': 'http://www.inven.co.kr/board/maple/2587/3536',
 'views': 513}
2019-10-16 02:30:23 [scrapy.core.engine] DEBUG: Crawled (200) <GET http://www.inven.co.kr/board/maple/2587/3526> (referer: http://www.inven.co.kr/board/maple/2587?p=1)
2019-10-16 02:30:23 [py.warnings] WARNING: /home/proff/anaconda3/lib/python3.7/site-packages/django/db/models/fields/__init__.py:1421: RuntimeWarning: DateTimeField ScrapyItem.published_date received a naive datetime (2019-09-30 20:26:00) while time zone support is active.
  RuntimeWarning)

2019-10-16 02:30:23 [scrapy.core.scraper] DEBUG: Scraped from <200 http://www.inven.co.kr/board/maple/2587/3526>
{'category': 1,
 'contents': '팔아라5만원이여도 산다음모음모',
 'published_date': '2019-09-30 20:26',
 'recommends': '0',
 'title': '미하일 성별 주기 싫다면',
 'url': 'http://www.inven.co.kr/board/maple/2587/3526',
 'views': 1379}
2019-10-16 02:30:24 [scrapy.extensions.logstats] INFO: Crawled 13 pages (at 13 pages/min), scraped 11 items (at 11 items/min)
2019-10-16 02:30:25 [scrapy.core.engine] DEBUG: Crawled (200) <GET http://www.inven.co.kr/board/maple/2587/3542> (referer: http://www.inven.co.kr/board/maple/2587?p=1)
2019-10-16 02:30:25 [py.warnings] WARNING: /home/proff/anaconda3/lib/python3.7/site-packages/django/db/models/fields/__init__.py:1421: RuntimeWarning: DateTimeField ScrapyItem.published_date received a naive datetime (2019-10-13 17:59:00) while time zone support is active.
  RuntimeWarning)

2019-10-16 02:30:25 [scrapy.core.scraper] DEBUG: Scraped from <200 http://www.inven.co.kr/board/maple/2587/3542>
{'category': 1,
 'contents': '어빌리티 상황에따라 쓸수있게 유니온처럼 슬롯추가해주세요~~ 캐시로팔아도 잘팔릴듯',
 'published_date': '2019-10-13 17:59',
 'recommends': '0',
 'title': '어빌리티 슬롯 추가해주세요~~',
 'url': 'http://www.inven.co.kr/board/maple/2587/3542',
 'views': 395}
2019-10-16 02:30:33 [scrapy.crawler] INFO: Received SIGINT, shutting down gracefully. Send again to force 
2019-10-16 02:30:33 [scrapy.core.engine] INFO: Closing spider (shutdown)
2019-10-16 02:30:36 [scrapy.core.engine] DEBUG: Crawled (200) <GET http://www.inven.co.kr/board/maple/2587/3489> (referer: http://www.inven.co.kr/board/maple/2587?p=1)
2019-10-16 02:30:36 [py.warnings] WARNING: /home/proff/anaconda3/lib/python3.7/site-packages/django/db/models/fields/__init__.py:1421: RuntimeWarning: DateTimeField ScrapyItem.published_date received a naive datetime (2019-09-02 12:30:00) while time zone support is active.
  RuntimeWarning)

2019-10-16 02:30:36 [scrapy.core.scraper] DEBUG: Scraped from <200 http://www.inven.co.kr/board/maple/2587/3489>
{'category': 1,
 'contents': '마라벨 풀셋 못생겨서 끼기 시러요매번 갈아입기도 귀찮고마라벨 얼장이 있다는건 마라벨 풀셋을 모았다는 뜻이니까얼장만 '
             '껴도 마라벨 풀셋 효과 발동되게 해주세요룩덕에게 자유를...라이딩 이쁜데 쓰지를 못해...',
 'published_date': '2019-09-02 12:30',
 'recommends': '0',
 'title': '마라벨 얼장만 껴도 세트효과 발동되게 해주세요',
 'url': 'http://www.inven.co.kr/board/maple/2587/3489',
 'views': 1767}
2019-10-16 02:30:37 [scrapy.core.engine] DEBUG: Crawled (200) <GET http://www.inven.co.kr/board/maple/2587/3491> (referer: http://www.inven.co.kr/board/maple/2587?p=1)
2019-10-16 02:30:37 [py.warnings] WARNING: /home/proff/anaconda3/lib/python3.7/site-packages/django/db/models/fields/__init__.py:1421: RuntimeWarning: DateTimeField ScrapyItem.published_date received a naive datetime (2019-09-05 22:22:00) while time zone support is active.
  RuntimeWarning)

2019-10-16 02:30:37 [scrapy.core.scraper] DEBUG: Scraped from <200 http://www.inven.co.kr/board/maple/2587/3491>
{'category': 1,
 'contents': '그냥 엔버가 보는 방향으로 브레스 날아가게 해주지뒷브레스좀 안되게',
 'published_date': '2019-09-05 22:22',
 'recommends': '0',
 'title': '엔버 마스코트 오브 퍼밀리어 방향좀',
 'url': 'http://www.inven.co.kr/board/maple/2587/3491',
 'views': 545}
2019-10-16 02:30:45 [scrapy.core.engine] DEBUG: Crawled (200) <GET http://www.inven.co.kr/board/maple/2587/3493> (referer: http://www.inven.co.kr/board/maple/2587?p=1)
2019-10-16 02:30:45 [py.warnings] WARNING: /home/proff/anaconda3/lib/python3.7/site-packages/django/db/models/fields/__init__.py:1421: RuntimeWarning: DateTimeField ScrapyItem.published_date received a naive datetime (2019-09-08 22:52:00) while time zone support is active.
  RuntimeWarning)

2019-10-16 02:30:45 [scrapy.core.scraper] DEBUG: Scraped from <200 http://www.inven.co.kr/board/maple/2587/3493>
{'category': 1,
 'contents': '한손으로하면 이렇게나 이쁜데\xa0....하 ....지 몸뚱아리보다 큰 창을 이렇게 쎄게 던지는데\xa0이정도면 '
             '한손 해도 문제 없다고봅니다\xa0창 한손 기원',
 'published_date': '2019-09-08 22:52',
 'recommends': '0',
 'title': '창 한손좀;;; 제발',
 'url': 'http://www.inven.co.kr/board/maple/2587/3493',
 'views': 2025}
2019-10-16 02:30:48 [scrapy.core.engine] DEBUG: Crawled (200) <GET http://www.inven.co.kr/board/maple/2587/3494> (referer: http://www.inven.co.kr/board/maple/2587?p=1)
2019-10-16 02:30:48 [py.warnings] WARNING: /home/proff/anaconda3/lib/python3.7/site-packages/django/db/models/fields/__init__.py:1421: RuntimeWarning: DateTimeField ScrapyItem.published_date received a naive datetime (2019-09-09 20:27:00) while time zone support is active.
  RuntimeWarning)

2019-10-16 02:30:48 [scrapy.core.scraper] DEBUG: Scraped from <200 http://www.inven.co.kr/board/maple/2587/3494>
{'category': 1,
 'contents': '벨패 할때 \xa0잘고려해서 해주세요 제발..',
 'published_date': '2019-09-09 20:27',
 'recommends': '0',
 'title': '벨패',
 'url': 'http://www.inven.co.kr/board/maple/2587/3494',
 'views': 974}
2019-10-16 02:30:53 [scrapy.core.engine] DEBUG: Crawled (200) <GET http://www.inven.co.kr/board/maple/2587/3529> (referer: http://www.inven.co.kr/board/maple/2587?p=1)
2019-10-16 02:30:53 [py.warnings] WARNING: /home/proff/anaconda3/lib/python3.7/site-packages/django/db/models/fields/__init__.py:1421: RuntimeWarning: DateTimeField ScrapyItem.published_date received a naive datetime (2019-10-02 18:39:00) while time zone support is active.
  RuntimeWarning)

2019-10-16 02:30:53 [scrapy.core.scraper] DEBUG: Scraped from <200 http://www.inven.co.kr/board/maple/2587/3529>
{'category': 1,
 'contents': "특) 루나섭 최고의 쓰레기길드등장하다그 길드의 이름은'뽀미'사길 스길이라고합니다 조심하세요무통거래사기 및 교불템 "
             '사기 빈번하다네요.',
 'published_date': '2019-10-02 18:39',
 'recommends': '0',
 'title': '특쫑! 루나사기길드등장하다',
 'url': 'http://www.inven.co.kr/board/maple/2587/3529',
 'views': 1055}
2019-10-16 02:30:59 [scrapy.core.engine] DEBUG: Crawled (200) <GET http://www.inven.co.kr/board/maple/2587/3497> (referer: http://www.inven.co.kr/board/maple/2587?p=1)
2019-10-16 02:30:59 [py.warnings] WARNING: /home/proff/anaconda3/lib/python3.7/site-packages/django/db/models/fields/__init__.py:1421: RuntimeWarning: DateTimeField ScrapyItem.published_date received a naive datetime (2019-09-11 20:20:00) while time zone support is active.
  RuntimeWarning)

2019-10-16 02:30:59 [scrapy.core.scraper] DEBUG: Scraped from <200 http://www.inven.co.kr/board/maple/2587/3497>
{'category': 1,
 'contents': '맥뎀 한계 돌파 넣으면 좋겟다',
 'published_date': '2019-09-11 20:20',
 'recommends': '0',
 'title': '제네 2차 해방에',
 'url': 'http://www.inven.co.kr/board/maple/2587/3497',
 'views': 1368}
2019-10-16 02:31:05 [scrapy.core.engine] DEBUG: Crawled (200) <GET http://www.inven.co.kr/board/maple/2587/3495> (referer: http://www.inven.co.kr/board/maple/2587?p=1)
2019-10-16 02:31:05 [py.warnings] WARNING: /home/proff/anaconda3/lib/python3.7/site-packages/django/db/models/fields/__init__.py:1421: RuntimeWarning: DateTimeField ScrapyItem.published_date received a naive datetime (2019-09-10 12:07:00) while time zone support is active.
  RuntimeWarning)

2019-10-16 02:31:05 [scrapy.core.scraper] DEBUG: Scraped from <200 http://www.inven.co.kr/board/maple/2587/3495>
{'category': 1,
 'contents': '노력만으로도 스펙업이 가능한 심볼시스템 다좋습니다근데 일일퀘스트는 너무한거 같습니다 사냥 보스말고는 컨텐츠가 딱히 '
             '없으니 그냥 일거리를 만든느낌입니다 물론 이게 재밋으면 모를까 재미1도없는데 안하면 손해고 플레이에 제약사항을 '
             '둔느낌이에요 헤이븐야영지처럼 주간퀘로 바꿔주시면 좋겟네여 보상으로 코젬도 주시면 좋겟구요Rpg게임의 근본이 뭡니까? '
             '노가다? 반복? 바로 롤플레잉 파티 게임이죠 메이플은 현재 개나소나 바인드쓰고 그냥 딜넣는구조만 다른 스킬이펙트만 '
             '다른 형식이죠 이번에 나온 호영도 똑같아요 괜히 어정쩡하게 스킬사용구조만 어렵게햇지 다른캐릭이랑 다른게없어요메이플이 '
             '옛날부터 그냥 단순히 딜만넣는게임이엿다? 제가알던 옛날 메이플은 루디브리엄 파퀘를 하기위해선 다크사이트를 '
             '사용할수있는 도적이 필요했고 텔포를 보유한직업도 필요햇으며 먼거리의 적을 맞추기위해 긴 사정가리의 궁수같은 직엄도 '
             '필요하던 롤플레잉의 개념을 만족하던 게임이 있엇습니다어느순간부터 큐브 혼줌 신직업이 나오면서 딜찍누 현질 졷망겜이 '
             '되버렷죠메이플이 과연 객관적으로 잘만는게임이라고 보십니까 과거추억팔이가 없다면 지금 이미친게임이 유지되고 잇엇을까요 '
             '어떤분이 쓴글처럼 빠르면 20년 망하지안을려면 제2의 빅뱅패치가 필요하다고 봅니다 강원기 디렉터 교체와 말이죠',
 'published_date': '2019-09-10 12:07',
 'recommends': '7',
 'title': '메일플 미친진입장벽을 해소해주세요',
 'url': 'http://www.inven.co.kr/board/maple/2587/3495',
 'views': 2888}
2019-10-16 02:31:07 [scrapy.core.engine] DEBUG: Crawled (200) <GET http://www.inven.co.kr/board/maple/2587/3501> (referer: http://www.inven.co.kr/board/maple/2587?p=1)
2019-10-16 02:31:08 [py.warnings] WARNING: /home/proff/anaconda3/lib/python3.7/site-packages/django/db/models/fields/__init__.py:1421: RuntimeWarning: DateTimeField ScrapyItem.published_date received a naive datetime (2019-09-14 15:28:00) while time zone support is active.
  RuntimeWarning)

2019-10-16 02:31:08 [scrapy.core.scraper] DEBUG: Scraped from <200 http://www.inven.co.kr/board/maple/2587/3501>
{'category': 1,
 'contents': '글 성격 상 공작소보다 바란다가 어울릴 것 같아서 옮겼습니다레벨 200, 210, 220처럼 새로운 아케인리버 '
             '지역이 열리는 특정 레벨이 아닌 이상퀘스트라는 건 받아볼 수도 없고(일일 퀘스트 제외),레벨업 수단이 사냥밖에 '
             '없고, 심볼 강화를 위해 매일같이 일일 퀘스트만 숙제마냥 반복하고 있는 이 시점에서주요 퀘스트들과 일반 퀘스트들이 '
             '구분되어 있는 다른 RPG 게임들처럼스토리와 무관한 일반 퀘스트들의 대량 추가를 원합니다레벨 200, 201, '
             '202, 203, ... 처럼 매 레벨업 시마다아케인 리버의 쓸모 없는 NPC들(클릭해도 대사창이 안 뜨는 '
             'NPC들)이 일반 퀘스트들을 줍니다퀘스트 내용은 옛날 메이플스토리의 "시워언해의 비밀의 책"이나 "가출소년 '
             '알렉스"처럼 주 스토리와 전혀 무관한 내용들로요퀘스트 보상으로 대량의 경험치(한 퀘스트 당 3~5%)와많은 아케인 '
             '심볼들(한 퀘스트 당 10~20개)을 준다면심볼 강화 수단이 지긋지긋한 일퀘밖에 없고, 레벨업 수단이 사냥밖에 없는 '
             '이 시점 조금이나마 스펙업에 도움이 될 것 같습니다',
 'published_date': '2019-09-14 15:28',
 'recommends': '4',
 'title': '아케인리버 지역의 일반 퀘스트 추가',
 'url': 'http://www.inven.co.kr/board/maple/2587/3501',
 'views': 882}
2019-10-16 02:31:10 [scrapy.core.engine] DEBUG: Crawled (200) <GET http://www.inven.co.kr/board/maple/2587/3500> (referer: http://www.inven.co.kr/board/maple/2587?p=1)
2019-10-16 02:31:10 [py.warnings] WARNING: /home/proff/anaconda3/lib/python3.7/site-packages/django/db/models/fields/__init__.py:1421: RuntimeWarning: DateTimeField ScrapyItem.published_date received a naive datetime (2019-09-14 13:15:00) while time zone support is active.
  RuntimeWarning)

2019-10-16 02:31:10 [scrapy.core.scraper] DEBUG: Scraped from <200 http://www.inven.co.kr/board/maple/2587/3500>
{'category': 1,
 'contents': '성제 죽이기전에',
 'published_date': '2019-09-14 13:15',
 'recommends': '2',
 'title': '우클릭으로 블랙리스트 추가 할수있게 해주셈',
 'url': 'http://www.inven.co.kr/board/maple/2587/3500',
 'views': 320}
2019-10-16 02:31:13 [scrapy.core.engine] DEBUG: Crawled (200) <GET http://www.inven.co.kr/board/maple/2587/3502> (referer: http://www.inven.co.kr/board/maple/2587?p=1)
2019-10-16 02:31:13 [py.warnings] WARNING: /home/proff/anaconda3/lib/python3.7/site-packages/django/db/models/fields/__init__.py:1421: RuntimeWarning: DateTimeField ScrapyItem.published_date received a naive datetime (2019-09-15 23:19:00) while time zone support is active.
  RuntimeWarning)

2019-10-16 02:31:13 [scrapy.core.scraper] DEBUG: Scraped from <200 http://www.inven.co.kr/board/maple/2587/3502>
{'category': 1,
 'contents': '메이플스토리 직업을 새로 내주는 것도 중요하지만 컨셉자체가 설계를 벗어난 구시대 직업들이 몇몇있습니다.그 동안 '
             '밸런스패치는 그런직업들 숫자를 건드리는 것으로만 그치고 있습니다.몇몇직업은 데미지개선만으로 직업이 본래의미를 '
             '찾았지만 어떤직업들은 구조상 문제때문에 재설계가 필요하다고 느낍니다. 직업군 리메이크카 중요하다고 느낍니다.',
 'published_date': '2019-09-15 23:19',
 'recommends': '5',
 'title': '신캐보다 리메이크를 해주자.',
 'url': 'http://www.inven.co.kr/board/maple/2587/3502',
 'views': 2056}
2019-10-16 02:31:20 [scrapy.core.downloader.handlers.http11] WARNING: Got data loss in http://www.inven.co.kr/board/maple/2587/3484. If you want to process broken responses set the setting DOWNLOAD_FAIL_ON_DATALOSS = False -- This message won't be shown in further requests
2019-10-16 02:31:20 [scrapy.downloadermiddlewares.retry] DEBUG: Retrying <GET http://www.inven.co.kr/board/maple/2587/3484> (failed 1 times): [<twisted.python.failure.Failure twisted.internet.error.ConnectionLost: Connection to the other side was lost in a non-clean fashion.>, <twisted.python.failure.Failure twisted.web.http._DataLoss: Chunked decoder in 'BODY' state, still expecting more data to get to 'FINISHED' state.>]
2019-10-16 02:31:20 [scrapy.core.engine] DEBUG: Crawled (200) <GET http://www.inven.co.kr/board/maple/2587/3499> (referer: http://www.inven.co.kr/board/maple/2587?p=1)
2019-10-16 02:31:21 [py.warnings] WARNING: /home/proff/anaconda3/lib/python3.7/site-packages/django/db/models/fields/__init__.py:1421: RuntimeWarning: DateTimeField ScrapyItem.published_date received a naive datetime (2019-09-12 18:25:00) while time zone support is active.
  RuntimeWarning)

2019-10-16 02:31:21 [scrapy.core.scraper] DEBUG: Scraped from <200 http://www.inven.co.kr/board/maple/2587/3499>
{'category': 1,
 'contents': '혹시나 된다면 모바일 핸즈에 옥션이 추가되면 좋을거같습니다!',
 'published_date': '2019-09-12 18:25',
 'recommends': '1',
 'title': '모바일 핸즈 옥션추가',
 'url': 'http://www.inven.co.kr/board/maple/2587/3499',
 'views': 1305}
2019-10-16 02:31:24 [scrapy.extensions.logstats] INFO: Crawled 25 pages (at 12 pages/min), scraped 23 items (at 12 items/min)
2019-10-16 02:32:00 [scrapy.core.engine] DEBUG: Crawled (200) <GET http://www.inven.co.kr/board/maple/2587/3492> (referer: http://www.inven.co.kr/board/maple/2587?p=1)
2019-10-16 02:32:00 [py.warnings] WARNING: /home/proff/anaconda3/lib/python3.7/site-packages/django/db/models/fields/__init__.py:1421: RuntimeWarning: DateTimeField ScrapyItem.published_date received a naive datetime (2019-09-06 16:49:00) while time zone support is active.
  RuntimeWarning)

2019-10-16 02:32:00 [scrapy.core.scraper] DEBUG: Scraped from <200 http://www.inven.co.kr/board/maple/2587/3492>
{'category': 1,
 'contents': '필자는 얼마전 글로리온 슈프림링을 상점에 실수로 팔았다.복구문의를 했지만 돌아오는 답은 복구해드리고싶은데 '
             '고유아이템이라 안되요 ㅎㅎ 라고 문의가왔다.1차적인건 본인 잘못이기에 어쩔수없다고 생각했다.근데 메이플 유튜브보다가 '
             '29xx님의 유튜브를 접하게 되었다.그런데 이분도 실수로 상점에 잡템판매하다 고유아이템이면서 교환불가 아이템인 '
             '피어리스펜던트를 팔았다.고유아이템이어서 복구를 안해준다더니 이분은 다음날 바로 복구를 받으셨다.고유아이템팔땐 '
             '경고창이 뜨기때문에 본인부주의라고 복구가어렵다하더니 왜 펜던트는 복구가된건지 이해가안간다.똑같이 경고창도 뜨고 '
             '판매시 재구매목록엔 뜨지않는다.문의에 링크까지 띄워서 무슨차이길래 이건복구가되고 이건복구가안되냐니까 이제는 '
             '내부기준에 안맞아서란다 도대체 그 기준이뭔데 뭐냐니까 수십번물어도 설명하지않고 되도않는 내부기준 '
             '타령한다.모카페에서도 형평성의문제같다고 다들 이야기하시는데 \xa0복구기준에대해서 명확히 설명해줬으면한다.',
 'published_date': '2019-09-06 16:49',
 'recommends': '20',
 'title': '형편없는 형평성없는 복구기준에 대해서',
 'url': 'http://www.inven.co.kr/board/maple/2587/3492',
 'views': 1540}
2019-10-16 02:32:24 [scrapy.extensions.logstats] INFO: Crawled 26 pages (at 1 pages/min), scraped 24 items (at 1 items/min)
2019-10-16 02:33:01 [scrapy.downloadermiddlewares.retry] DEBUG: Retrying <GET http://www.inven.co.kr/board/maple/2587/3545> (failed 1 times): User timeout caused connection failure: Getting http://www.inven.co.kr/board/maple/2587/3545 took longer than 180.0 seconds..
2019-10-16 02:33:09 [scrapy.downloadermiddlewares.retry] DEBUG: Retrying <GET http://www.inven.co.kr/board/maple/2587/3531> (failed 1 times): User timeout caused connection failure: Getting http://www.inven.co.kr/board/maple/2587/3531 took longer than 180.0 seconds..
2019-10-16 02:33:15 [scrapy.downloadermiddlewares.retry] DEBUG: Retrying <GET http://www.inven.co.kr/board/maple/2587/3528> (failed 1 times): User timeout caused connection failure: Getting http://www.inven.co.kr/board/maple/2587/3528 took longer than 180.0 seconds..
2019-10-16 02:33:15 [scrapy.statscollectors] INFO: Dumping Scrapy stats:
{'downloader/exception_count': 4,
 'downloader/exception_type_count/twisted.internet.error.TimeoutError': 3,
 'downloader/exception_type_count/twisted.web._newclient.ResponseFailed': 1,
 'downloader/request_bytes': 12150,
 'downloader/request_count': 30,
 'downloader/request_method_count/GET': 30,
 'downloader/response_bytes': 1403763,
 'downloader/response_count': 26,
 'downloader/response_status_count/200': 26,
 'finish_reason': 'shutdown',
 'finish_time': datetime.datetime(2019, 10, 15, 17, 33, 15, 349938),
 'item_scraped_count': 24,
 'log_count/DEBUG': 54,
 'log_count/INFO': 13,
 'log_count/WARNING': 25,
 'memusage/max': 127713280,
 'memusage/startup': 76546048,
 'request_depth_max': 1,
 'response_received_count': 26,
 'retry/count': 4,
 'retry/reason_count/twisted.internet.error.TimeoutError': 3,
 'retry/reason_count/twisted.web._newclient.ResponseFailed': 1,
 'robotstxt/request_count': 1,
 'robotstxt/response_count': 1,
 'robotstxt/response_status_count/200': 1,
 'scheduler/dequeued': 29,
 'scheduler/dequeued/memory': 29,
 'scheduler/enqueued': 55,
 'scheduler/enqueued/memory': 55,
 'start_time': datetime.datetime(2019, 10, 15, 17, 29, 24, 603263)}
2019-10-16 02:33:15 [scrapy.core.engine] INFO: Spider closed (shutdown)
