2019-10-14 22:13:20 [scrapy.utils.log] INFO: Scrapy 1.6.0 started (bot: scrapy_app)
2019-10-14 22:13:20 [scrapy.utils.log] INFO: Versions: lxml 4.3.4.0, libxml2 2.9.9, cssselect 1.0.3, parsel 1.5.1, w3lib 1.20.0, Twisted 19.2.0, Python 3.7.3 (default, Mar 27 2019, 22:11:17) - [GCC 7.3.0], pyOpenSSL 19.0.0 (OpenSSL 1.1.1c  28 May 2019), cryptography 2.7, Platform Linux-5.0.0-31-generic-x86_64-with-debian-buster-sid
2019-10-14 22:13:20 [scrapy.crawler] INFO: Overridden settings: {'BOT_NAME': 'scrapy_app', 'LOG_FILE': 'logs/default/crawler/6367a504ee8411e99b2cef11febbd0d7.log', 'NEWSPIDER_MODULE': 'scrapy_app.spiders', 'ROBOTSTXT_OBEY': True, 'SPIDER_MODULES': ['scrapy_app.spiders'], 'USER_AGENT': 'Mozilla/5.0 (compatible; Googlebot/2.1; +http://www.google.com/bot.html)'}
2019-10-14 22:13:20 [scrapy.extensions.telnet] INFO: Telnet Password: 6ffe83f658339b66
2019-10-14 22:13:20 [scrapy.middleware] INFO: Enabled extensions:
['scrapy.extensions.corestats.CoreStats',
 'scrapy.extensions.telnet.TelnetConsole',
 'scrapy.extensions.memusage.MemoryUsage',
 'scrapy.extensions.logstats.LogStats']
2019-10-14 22:13:21 [scrapy.middleware] INFO: Enabled downloader middlewares:
['scrapy.downloadermiddlewares.robotstxt.RobotsTxtMiddleware',
 'scrapy.downloadermiddlewares.httpauth.HttpAuthMiddleware',
 'scrapy.downloadermiddlewares.downloadtimeout.DownloadTimeoutMiddleware',
 'scrapy.downloadermiddlewares.defaultheaders.DefaultHeadersMiddleware',
 'scrapy.downloadermiddlewares.useragent.UserAgentMiddleware',
 'scrapy.downloadermiddlewares.retry.RetryMiddleware',
 'scrapy.downloadermiddlewares.redirect.MetaRefreshMiddleware',
 'scrapy.downloadermiddlewares.httpcompression.HttpCompressionMiddleware',
 'scrapy.downloadermiddlewares.redirect.RedirectMiddleware',
 'scrapy.downloadermiddlewares.cookies.CookiesMiddleware',
 'scrapy.downloadermiddlewares.httpproxy.HttpProxyMiddleware',
 'scrapy.downloadermiddlewares.stats.DownloaderStats']
2019-10-14 22:13:21 [scrapy.middleware] INFO: Enabled spider middlewares:
['scrapy.spidermiddlewares.httperror.HttpErrorMiddleware',
 'scrapy.spidermiddlewares.offsite.OffsiteMiddleware',
 'scrapy.spidermiddlewares.referer.RefererMiddleware',
 'scrapy.spidermiddlewares.urllength.UrlLengthMiddleware',
 'scrapy.spidermiddlewares.depth.DepthMiddleware']
2019-10-14 22:13:21 [scrapy.middleware] INFO: Enabled item pipelines:
['scrapy_app.pipelines.ScrapyAppPipeline']
2019-10-14 22:13:21 [scrapy.core.engine] INFO: Spider opened
2019-10-14 22:13:21 [scrapy.extensions.logstats] INFO: Crawled 0 pages (at 0 pages/min), scraped 0 items (at 0 items/min)
2019-10-14 22:13:21 [scrapy.extensions.telnet] INFO: Telnet console listening on 127.0.0.1:6031
2019-10-14 22:13:23 [scrapy.core.engine] DEBUG: Crawled (200) <GET http://www.inven.co.kr/robots.txt> (referer: None)
2019-10-14 22:13:31 [scrapy.core.engine] DEBUG: Crawled (200) <GET http://www.inven.co.kr/board/maple/2587?p=1> (referer: None)
2019-10-14 22:13:41 [scrapy.core.engine] DEBUG: Crawled (200) <GET http://www.inven.co.kr/board/maple/2587/3543> (referer: http://www.inven.co.kr/board/maple/2587?p=1)
2019-10-14 22:13:41 [py.warnings] WARNING: /home/proff/anaconda3/lib/python3.7/site-packages/django/db/models/fields/__init__.py:1421: RuntimeWarning: DateTimeField ScrapyItem.published_date received a naive datetime (2019-10-13 19:07:00) while time zone support is active.
  RuntimeWarning)

2019-10-14 22:13:41 [scrapy.core.scraper] DEBUG: Scraped from <200 http://www.inven.co.kr/board/maple/2587/3543>
{'category': 1,
 'contents': '사랑해',
 'published_date': '2019-10-13 19:07',
 'recommends': '0',
 'title': '메이플',
 'url': 'http://www.inven.co.kr/board/maple/2587/3543',
 'views': 140}
2019-10-14 22:13:43 [scrapy.core.engine] DEBUG: Crawled (200) <GET http://www.inven.co.kr/board/maple/2587/3536> (referer: http://www.inven.co.kr/board/maple/2587?p=1)
2019-10-14 22:13:43 [py.warnings] WARNING: /home/proff/anaconda3/lib/python3.7/site-packages/django/db/models/fields/__init__.py:1421: RuntimeWarning: DateTimeField ScrapyItem.published_date received a naive datetime (2019-10-10 19:57:00) while time zone support is active.
  RuntimeWarning)

2019-10-14 22:13:43 [scrapy.core.scraper] DEBUG: Scraped from <200 http://www.inven.co.kr/board/maple/2587/3536>
{'category': 1,
 'contents': '엘보 돌리는 매크로 때문에 일부러 이렇게 둔거라면 곧무 뜬 후에 만이라도\xa0 몇 마리 더 잡으면 되는지 잠시 '
             '떳다 사라지는 메세지 형태로라도 알려주면 편할 것 같습니다.. ',
 'published_date': '2019-10-10 19:57',
 'recommends': '0',
 'title': '엘리트 보스 뜨기 전까지 몇 마리 잡아야 하는지 확인표나 게이지 같은게 있으면 좋겠습니다.',
 'url': 'http://www.inven.co.kr/board/maple/2587/3536',
 'views': 480}
2019-10-14 22:13:46 [scrapy.core.engine] DEBUG: Crawled (200) <GET http://www.inven.co.kr/board/maple/2587/3541> (referer: http://www.inven.co.kr/board/maple/2587?p=1)
2019-10-14 22:13:46 [py.warnings] WARNING: /home/proff/anaconda3/lib/python3.7/site-packages/django/db/models/fields/__init__.py:1421: RuntimeWarning: DateTimeField ScrapyItem.published_date received a naive datetime (2019-10-13 15:56:00) while time zone support is active.
  RuntimeWarning)

2019-10-14 22:13:46 [scrapy.core.scraper] DEBUG: Scraped from <200 http://www.inven.co.kr/board/maple/2587/3541>
{'category': 1,
 'contents': '&nbsp;●▅▇█▇▆ ▅▄▇ 나로 살려줭',
 'published_date': '2019-10-13 15:56',
 'recommends': '0',
 'title': '●▅▇█▇▆ ▅▄▇ 나로 살려줭',
 'url': 'http://www.inven.co.kr/board/maple/2587/3541',
 'views': 130}
2019-10-14 22:13:47 [scrapy.core.engine] DEBUG: Crawled (200) <GET http://www.inven.co.kr/board/maple/2587/3538> (referer: http://www.inven.co.kr/board/maple/2587?p=1)
2019-10-14 22:13:47 [py.warnings] WARNING: /home/proff/anaconda3/lib/python3.7/site-packages/django/db/models/fields/__init__.py:1421: RuntimeWarning: DateTimeField ScrapyItem.published_date received a naive datetime (2019-10-13 07:49:00) while time zone support is active.
  RuntimeWarning)

2019-10-14 22:13:47 [scrapy.core.scraper] DEBUG: Scraped from <200 http://www.inven.co.kr/board/maple/2587/3538>
{'category': 1,
 'contents': '미스틱도어 쓰는 유저인데 솔직히 살때 노가다 좀 귀찮음...100개씩 언제 다 사한묶음에 천개넘게되는모양이던데',
 'published_date': '2019-10-13 07:49',
 'recommends': '0',
 'title': '마법의 돌 알케스터 한번에 구매 1000개씩 되게좀',
 'url': 'http://www.inven.co.kr/board/maple/2587/3538',
 'views': 124}
2019-10-14 22:13:48 [scrapy.core.engine] DEBUG: Crawled (200) <GET http://www.inven.co.kr/board/maple/2587/3544> (referer: http://www.inven.co.kr/board/maple/2587?p=1)
2019-10-14 22:13:48 [py.warnings] WARNING: /home/proff/anaconda3/lib/python3.7/site-packages/django/db/models/fields/__init__.py:1421: RuntimeWarning: DateTimeField ScrapyItem.published_date received a naive datetime (2019-10-14 02:19:00) while time zone support is active.
  RuntimeWarning)

2019-10-14 22:13:48 [scrapy.core.scraper] DEBUG: Scraped from <200 http://www.inven.co.kr/board/maple/2587/3544>
{'category': 1,
 'contents': '~다른직업도 자전 열어주던가~~',
 'published_date': '2019-10-14 02:19',
 'recommends': '0',
 'title': '자전코인 삭제해',
 'url': 'http://www.inven.co.kr/board/maple/2587/3544',
 'views': 396}
2019-10-14 22:13:51 [scrapy.core.engine] DEBUG: Crawled (200) <GET http://www.inven.co.kr/board/maple/2587/3526> (referer: http://www.inven.co.kr/board/maple/2587?p=1)
2019-10-14 22:13:51 [scrapy.core.engine] DEBUG: Crawled (200) <GET http://www.inven.co.kr/board/maple/2587/3542> (referer: http://www.inven.co.kr/board/maple/2587?p=1)
2019-10-14 22:13:51 [py.warnings] WARNING: /home/proff/anaconda3/lib/python3.7/site-packages/django/db/models/fields/__init__.py:1421: RuntimeWarning: DateTimeField ScrapyItem.published_date received a naive datetime (2019-09-30 20:26:00) while time zone support is active.
  RuntimeWarning)

2019-10-14 22:13:51 [scrapy.core.scraper] DEBUG: Scraped from <200 http://www.inven.co.kr/board/maple/2587/3526>
{'category': 1,
 'contents': '팔아라5만원이여도 산다음모음모',
 'published_date': '2019-09-30 20:26',
 'recommends': '0',
 'title': '미하일 성별 주기 싫다면',
 'url': 'http://www.inven.co.kr/board/maple/2587/3526',
 'views': 1360}
2019-10-14 22:13:51 [py.warnings] WARNING: /home/proff/anaconda3/lib/python3.7/site-packages/django/db/models/fields/__init__.py:1421: RuntimeWarning: DateTimeField ScrapyItem.published_date received a naive datetime (2019-10-13 17:59:00) while time zone support is active.
  RuntimeWarning)

2019-10-14 22:13:51 [scrapy.core.scraper] DEBUG: Scraped from <200 http://www.inven.co.kr/board/maple/2587/3542>
{'category': 1,
 'contents': '어빌리티 상황에따라 쓸수있게 유니온처럼 슬롯추가해주세요~~ 캐시로팔아도 잘팔릴듯',
 'published_date': '2019-10-13 17:59',
 'recommends': '0',
 'title': '어빌리티 슬롯 추가해주세요~~',
 'url': 'http://www.inven.co.kr/board/maple/2587/3542',
 'views': 213}
2019-10-14 22:13:54 [scrapy.core.engine] DEBUG: Crawled (200) <GET http://www.inven.co.kr/board/maple/2587/3540> (referer: http://www.inven.co.kr/board/maple/2587?p=1)
2019-10-14 22:13:54 [py.warnings] WARNING: /home/proff/anaconda3/lib/python3.7/site-packages/django/db/models/fields/__init__.py:1421: RuntimeWarning: DateTimeField ScrapyItem.published_date received a naive datetime (2019-10-13 15:55:00) while time zone support is active.
  RuntimeWarning)

2019-10-14 22:13:54 [scrapy.core.scraper] DEBUG: Scraped from <200 http://www.inven.co.kr/board/maple/2587/3540>
{'category': 1,
 'contents': '●▅▇█▇▆ ▅▄▇ 섀도 살려줭',
 'published_date': '2019-10-13 15:55',
 'recommends': '0',
 'title': '●▅▇█▇▆ ▅▄▇ 섀도 살려줭',
 'url': 'http://www.inven.co.kr/board/maple/2587/3540',
 'views': 110}
2019-10-14 22:13:58 [scrapy.core.engine] DEBUG: Crawled (200) <GET http://www.inven.co.kr/board/maple/2587/3530> (referer: http://www.inven.co.kr/board/maple/2587?p=1)
2019-10-14 22:13:58 [py.warnings] WARNING: /home/proff/anaconda3/lib/python3.7/site-packages/django/db/models/fields/__init__.py:1421: RuntimeWarning: DateTimeField ScrapyItem.published_date received a naive datetime (2019-10-02 20:23:00) while time zone support is active.
  RuntimeWarning)

2019-10-14 22:13:58 [scrapy.core.scraper] DEBUG: Scraped from <200 http://www.inven.co.kr/board/maple/2587/3530>
{'category': 1,
 'contents': '아란 레벨 50제 퀘스트 아기 늑대를 위한 영양식에 요구되는 해마의꼬리 50개와아기늑대영양식1개를 '
             '모으려고하는데요해마의꼬리는 씨클을 잡으면 얻을 수 있다고 하네요지금저의 레벨은 50인데, 씨클은 레벨이 76이더군요 '
             '도대체 몇대를 때려서 잡아야하는 건가요?저는 리부트 서버입니다',
 'published_date': '2019-10-02 20:23',
 'recommends': '0',
 'title': '아란 레벨 50제 퀘스트 아기 늑대를 위한 영양식',
 'url': 'http://www.inven.co.kr/board/maple/2587/3530',
 'views': 977}
2019-10-14 22:13:59 [scrapy.core.engine] DEBUG: Crawled (200) <GET http://www.inven.co.kr/board/maple/2587/3525> (referer: http://www.inven.co.kr/board/maple/2587?p=1)
2019-10-14 22:13:59 [py.warnings] WARNING: /home/proff/anaconda3/lib/python3.7/site-packages/django/db/models/fields/__init__.py:1421: RuntimeWarning: DateTimeField ScrapyItem.published_date received a naive datetime (2019-09-28 20:40:00) while time zone support is active.
  RuntimeWarning)

2019-10-14 22:13:59 [scrapy.core.scraper] DEBUG: Scraped from <200 http://www.inven.co.kr/board/maple/2587/3525>
{'category': 1,
 'contents': '아침등교블링조용이거때문에 아침등교로 무기도 제대로 못 끼겠어요 ..',
 'published_date': '2019-09-28 20:40',
 'recommends': '1',
 'title': '아침등교헤어 레이어 오류(?) 수정좀..',
 'url': 'http://www.inven.co.kr/board/maple/2587/3525',
 'views': 1428}
2019-10-14 22:14:09 [scrapy.core.engine] DEBUG: Crawled (200) <GET http://www.inven.co.kr/board/maple/2587/3482> (referer: http://www.inven.co.kr/board/maple/2587?p=1)
2019-10-14 22:14:09 [py.warnings] WARNING: /home/proff/anaconda3/lib/python3.7/site-packages/django/db/models/fields/__init__.py:1421: RuntimeWarning: DateTimeField ScrapyItem.published_date received a naive datetime (2019-08-28 13:31:00) while time zone support is active.
  RuntimeWarning)

2019-10-14 22:14:09 [scrapy.core.scraper] DEBUG: Scraped from <200 http://www.inven.co.kr/board/maple/2587/3482>
{'category': 1,
 'contents': '현금유도?어느부분이현금유도거래인지콕찝어얘기해보시죠?밑에내용중에도대체어디가어느부분이현금유도인지??어이가없네요^^한번경고해서 '
             '현금거래절대안한다고썻더니현금유도글로인한정책위반?콕집어봐요그대로복사한거니까육성시간보고말해주세요 '
             '사진참조피노키오코.모자.상의.하의.신발.장갑.방패.귀걸이30제벨트.온화의망토 구성입니다 \xa0총10부위마력 '
             '120셋 망토제외 9부위 12억마력135셋 10부위 15억★부위별판매절대안합니다★10~140모든법사계열 '
             '원킬사냥가능합니다스타포스사냥터는무기에따라최소투킬입니다자쿰무기 네크로 반레온 무기만갈아끼우면돼구요10렙기준 '
             '전마법사계열 최소 3만~6만뜹니다 10렙기준10억에흥정없이팔구있구요 정말필요하신분카톡주시면흥정생각해보겠습니다. '
             '현거래안합니다.쪼렙템메리트는 140이후템셋팅이 1억이안들어갑니다.착감을굳이비싸게안사도돼는거죠저는항상 140에 '
             '반레온풀셋으로200찍고유니온마무리했습니다.* 하도개소리들하셔서 카톡주시면 사냥영상보내드립니다 '
             '법사계의히어로배틀메이지영상있습니다*P.S공셋은 선금받고 제작해드립니다 거래총 '
             '5건있습니다증거사진있습니다만족못하실경우사비투자해서라도완성시켜드립니다이제까지 13분정도거래했고 '
             '주변분들소개부탁드립니다10렙15퍼작무기 30렙15퍼작무기 '
             '110렙15퍼작무기바로바로지원까지해드려서그런것같습니다사용하다가 맘에안드시면 100% 환불해드리겠습니다카톡 '
             '주세요아래오픈카톡채팅방바로가기입니다.',
 'published_date': '2019-08-28 13:31',
 'recommends': '0',
 'title': '운영진은보고답변똑바로하시길',
 'url': 'http://www.inven.co.kr/board/maple/2587/3482',
 'views': 1389}
2019-10-14 22:14:09 [scrapy.core.engine] DEBUG: Crawled (200) <GET http://www.inven.co.kr/board/maple/2587/3534> (referer: http://www.inven.co.kr/board/maple/2587?p=1)
2019-10-14 22:14:10 [py.warnings] WARNING: /home/proff/anaconda3/lib/python3.7/site-packages/django/db/models/fields/__init__.py:1421: RuntimeWarning: DateTimeField ScrapyItem.published_date received a naive datetime (2019-10-09 21:25:00) while time zone support is active.
  RuntimeWarning)

2019-10-14 22:14:10 [scrapy.core.scraper] DEBUG: Scraped from <200 http://www.inven.co.kr/board/maple/2587/3534>
{'category': 1,
 'contents': '윈브도 더블 점프 색좀 바꿔줘여\xa0박쥐 날리는애는 멋지게 됬드만..',
 'published_date': '2019-10-09 21:25',
 'recommends': '0',
 'title': '윈브도 더블 점프 색좀 바꿔줘여',
 'url': 'http://www.inven.co.kr/board/maple/2587/3534',
 'views': 675}
2019-10-14 22:14:21 [scrapy.extensions.logstats] INFO: Crawled 14 pages (at 14 pages/min), scraped 12 items (at 12 items/min)
2019-10-14 22:14:25 [scrapy.core.engine] DEBUG: Crawled (200) <GET http://www.inven.co.kr/board/maple/2587/3532> (referer: http://www.inven.co.kr/board/maple/2587?p=1)
2019-10-14 22:14:25 [py.warnings] WARNING: /home/proff/anaconda3/lib/python3.7/site-packages/django/db/models/fields/__init__.py:1421: RuntimeWarning: DateTimeField ScrapyItem.published_date received a naive datetime (2019-10-07 18:17:00) while time zone support is active.
  RuntimeWarning)

2019-10-14 22:14:25 [scrapy.core.scraper] DEBUG: Scraped from <200 http://www.inven.co.kr/board/maple/2587/3532>
{'category': 1,
 'contents': '메이플스토리(이하 메이플) 와 메이플스토리m(이하 메m) 연계 확대○ 지금 제공중인 것1. 메m 일일임무로 메이플 '
             '마일리지7002. 메m 120레벨 이상시 메이플에서 유니온 ss3. 메이플포인트 공유○ 바라는 것1. 코인샆에서 '
             '관련 아이템 판매ex) 메이플에서 메m 보장상자, 메m에서 메이플 버닝물약2. 유니온 sss 확장 or 적용 캐릭 '
             '확대',
 'published_date': '2019-10-07 18:17',
 'recommends': '0',
 'title': '메이플스토리와 메이플스토리m 연계 확대',
 'url': 'http://www.inven.co.kr/board/maple/2587/3532',
 'views': 961}
2019-10-14 22:14:26 [scrapy.core.engine] DEBUG: Crawled (200) <GET http://www.inven.co.kr/board/maple/2587/3483> (referer: http://www.inven.co.kr/board/maple/2587?p=1)
2019-10-14 22:14:26 [py.warnings] WARNING: /home/proff/anaconda3/lib/python3.7/site-packages/django/db/models/fields/__init__.py:1421: RuntimeWarning: DateTimeField ScrapyItem.published_date received a naive datetime (2019-08-29 02:15:00) while time zone support is active.
  RuntimeWarning)

2019-10-14 22:14:26 [scrapy.core.scraper] DEBUG: Scraped from <200 http://www.inven.co.kr/board/maple/2587/3483>
{'category': 1,
 'contents': '지금 메이플 맵 보면 엄청나게 넓고 몬스터도 많은데 다 저렙구간에 몰려있는게 문제인거 같음. 계속 고렙 전용 맵 '
             '추가하기보다는 오시리아 대륙 몬스터 레벨을 상향시키고 퀘스트 등 리뉴얼하면 어떨까 하는 생각입니다..',
 'published_date': '2019-08-29 02:15',
 'recommends': '0',
 'title': '개인적으로 바라는 점...',
 'url': 'http://www.inven.co.kr/board/maple/2587/3483',
 'views': 617}
2019-10-14 22:14:31 [scrapy.crawler] INFO: Received SIGINT, shutting down gracefully. Send again to force 
2019-10-14 22:14:31 [scrapy.core.engine] INFO: Closing spider (shutdown)
2019-10-14 22:14:38 [scrapy.core.downloader.handlers.http11] WARNING: Got data loss in http://www.inven.co.kr/board/maple/2587/3528. If you want to process broken responses set the setting DOWNLOAD_FAIL_ON_DATALOSS = False -- This message won't be shown in further requests
2019-10-14 22:14:38 [scrapy.downloadermiddlewares.retry] DEBUG: Retrying <GET http://www.inven.co.kr/board/maple/2587/3528> (failed 1 times): [<twisted.python.failure.Failure twisted.internet.error.ConnectionLost: Connection to the other side was lost in a non-clean fashion.>, <twisted.python.failure.Failure twisted.web.http._DataLoss: Chunked decoder in 'BODY' state, still expecting more data to get to 'FINISHED' state.>]
2019-10-14 22:14:40 [scrapy.core.downloader.handlers.http11] WARNING: Got data loss in http://www.inven.co.kr/board/maple/2587/3529. If you want to process broken responses set the setting DOWNLOAD_FAIL_ON_DATALOSS = False -- This message won't be shown in further requests
2019-10-14 22:14:40 [scrapy.downloadermiddlewares.retry] DEBUG: Retrying <GET http://www.inven.co.kr/board/maple/2587/3529> (failed 1 times): [<twisted.python.failure.Failure twisted.internet.error.ConnectionLost: Connection to the other side was lost in a non-clean fashion.>, <twisted.python.failure.Failure twisted.web.http._DataLoss: Chunked decoder in 'BODY' state, still expecting more data to get to 'FINISHED' state.>]
2019-10-14 22:14:43 [scrapy.core.engine] DEBUG: Crawled (200) <GET http://www.inven.co.kr/board/maple/2587/3491> (referer: http://www.inven.co.kr/board/maple/2587?p=1)
2019-10-14 22:14:43 [py.warnings] WARNING: /home/proff/anaconda3/lib/python3.7/site-packages/django/db/models/fields/__init__.py:1421: RuntimeWarning: DateTimeField ScrapyItem.published_date received a naive datetime (2019-09-05 22:22:00) while time zone support is active.
  RuntimeWarning)

2019-10-14 22:14:43 [scrapy.core.scraper] DEBUG: Scraped from <200 http://www.inven.co.kr/board/maple/2587/3491>
{'category': 1,
 'contents': '그냥 엔버가 보는 방향으로 브레스 날아가게 해주지뒷브레스좀 안되게',
 'published_date': '2019-09-05 22:22',
 'recommends': '0',
 'title': '엔버 마스코트 오브 퍼밀리어 방향좀',
 'url': 'http://www.inven.co.kr/board/maple/2587/3491',
 'views': 541}
2019-10-14 22:15:05 [scrapy.core.engine] DEBUG: Crawled (200) <GET http://www.inven.co.kr/board/maple/2587/3489> (referer: http://www.inven.co.kr/board/maple/2587?p=1)
2019-10-14 22:15:05 [py.warnings] WARNING: /home/proff/anaconda3/lib/python3.7/site-packages/django/db/models/fields/__init__.py:1421: RuntimeWarning: DateTimeField ScrapyItem.published_date received a naive datetime (2019-09-02 12:30:00) while time zone support is active.
  RuntimeWarning)

2019-10-14 22:15:05 [scrapy.core.scraper] DEBUG: Scraped from <200 http://www.inven.co.kr/board/maple/2587/3489>
{'category': 1,
 'contents': '마라벨 풀셋 못생겨서 끼기 시러요매번 갈아입기도 귀찮고마라벨 얼장이 있다는건 마라벨 풀셋을 모았다는 뜻이니까얼장만 '
             '껴도 마라벨 풀셋 효과 발동되게 해주세요룩덕에게 자유를...라이딩 이쁜데 쓰지를 못해...',
 'published_date': '2019-09-02 12:30',
 'recommends': '0',
 'title': '마라벨 얼장만 껴도 세트효과 발동되게 해주세요',
 'url': 'http://www.inven.co.kr/board/maple/2587/3489',
 'views': 1755}
2019-10-14 22:15:06 [scrapy.core.engine] DEBUG: Crawled (200) <GET http://www.inven.co.kr/board/maple/2587/3495> (referer: http://www.inven.co.kr/board/maple/2587?p=1)
2019-10-14 22:15:06 [py.warnings] WARNING: /home/proff/anaconda3/lib/python3.7/site-packages/django/db/models/fields/__init__.py:1421: RuntimeWarning: DateTimeField ScrapyItem.published_date received a naive datetime (2019-09-10 12:07:00) while time zone support is active.
  RuntimeWarning)

2019-10-14 22:15:06 [scrapy.core.scraper] DEBUG: Scraped from <200 http://www.inven.co.kr/board/maple/2587/3495>
{'category': 1,
 'contents': '노력만으로도 스펙업이 가능한 심볼시스템 다좋습니다근데 일일퀘스트는 너무한거 같습니다 사냥 보스말고는 컨텐츠가 딱히 '
             '없으니 그냥 일거리를 만든느낌입니다 물론 이게 재밋으면 모를까 재미1도없는데 안하면 손해고 플레이에 제약사항을 '
             '둔느낌이에요 헤이븐야영지처럼 주간퀘로 바꿔주시면 좋겟네여 보상으로 코젬도 주시면 좋겟구요Rpg게임의 근본이 뭡니까? '
             '노가다? 반복? 바로 롤플레잉 파티 게임이죠 메이플은 현재 개나소나 바인드쓰고 그냥 딜넣는구조만 다른 스킬이펙트만 '
             '다른 형식이죠 이번에 나온 호영도 똑같아요 괜히 어정쩡하게 스킬사용구조만 어렵게햇지 다른캐릭이랑 다른게없어요메이플이 '
             '옛날부터 그냥 단순히 딜만넣는게임이엿다? 제가알던 옛날 메이플은 루디브리엄 파퀘를 하기위해선 다크사이트를 '
             '사용할수있는 도적이 필요했고 텔포를 보유한직업도 필요햇으며 먼거리의 적을 맞추기위해 긴 사정가리의 궁수같은 직엄도 '
             '필요하던 롤플레잉의 개념을 만족하던 게임이 있엇습니다어느순간부터 큐브 혼줌 신직업이 나오면서 딜찍누 현질 졷망겜이 '
             '되버렷죠메이플이 과연 객관적으로 잘만는게임이라고 보십니까 과거추억팔이가 없다면 지금 이미친게임이 유지되고 잇엇을까요 '
             '어떤분이 쓴글처럼 빠르면 20년 망하지안을려면 제2의 빅뱅패치가 필요하다고 봅니다 강원기 디렉터 교체와 말이죠',
 'published_date': '2019-09-10 12:07',
 'recommends': '7',
 'title': '메일플 미친진입장벽을 해소해주세요',
 'url': 'http://www.inven.co.kr/board/maple/2587/3495',
 'views': 2870}
2019-10-14 22:15:21 [scrapy.extensions.logstats] INFO: Crawled 19 pages (at 5 pages/min), scraped 17 items (at 5 items/min)
2019-10-14 22:15:22 [scrapy.core.engine] DEBUG: Crawled (200) <GET http://www.inven.co.kr/board/maple/2587/3493> (referer: http://www.inven.co.kr/board/maple/2587?p=1)
2019-10-14 22:15:22 [py.warnings] WARNING: /home/proff/anaconda3/lib/python3.7/site-packages/django/db/models/fields/__init__.py:1421: RuntimeWarning: DateTimeField ScrapyItem.published_date received a naive datetime (2019-09-08 22:52:00) while time zone support is active.
  RuntimeWarning)

2019-10-14 22:15:22 [scrapy.core.scraper] DEBUG: Scraped from <200 http://www.inven.co.kr/board/maple/2587/3493>
{'category': 1,
 'contents': '한손으로하면 이렇게나 이쁜데\xa0....하 ....지 몸뚱아리보다 큰 창을 이렇게 쎄게 던지는데\xa0이정도면 '
             '한손 해도 문제 없다고봅니다\xa0창 한손 기원',
 'published_date': '2019-09-08 22:52',
 'recommends': '0',
 'title': '창 한손좀;;; 제발',
 'url': 'http://www.inven.co.kr/board/maple/2587/3493',
 'views': 2010}
2019-10-14 22:16:21 [scrapy.extensions.logstats] INFO: Crawled 20 pages (at 1 pages/min), scraped 18 items (at 1 items/min)
2019-10-14 22:16:31 [scrapy.downloadermiddlewares.retry] DEBUG: Retrying <GET http://www.inven.co.kr/board/maple/2587/3539> (failed 1 times): User timeout caused connection failure: Getting http://www.inven.co.kr/board/maple/2587/3539 took longer than 180.0 seconds..
2019-10-14 22:16:38 [scrapy.core.downloader.handlers.http11] WARNING: Got data loss in http://www.inven.co.kr/board/maple/2587/3499. If you want to process broken responses set the setting DOWNLOAD_FAIL_ON_DATALOSS = False -- This message won't be shown in further requests
2019-10-14 22:16:38 [scrapy.downloadermiddlewares.retry] DEBUG: Retrying <GET http://www.inven.co.kr/board/maple/2587/3499> (failed 1 times): [<twisted.python.failure.Failure twisted.internet.error.ConnectionLost: Connection to the other side was lost in a non-clean fashion.>, <twisted.python.failure.Failure twisted.web.http._DataLoss: Chunked decoder in 'BODY' state, still expecting more data to get to 'FINISHED' state.>]
2019-10-14 22:16:51 [scrapy.downloadermiddlewares.retry] DEBUG: Retrying <GET http://www.inven.co.kr/board/maple/2587/3531> (failed 1 times): User timeout caused connection failure: Getting http://www.inven.co.kr/board/maple/2587/3531 took longer than 180.0 seconds..
2019-10-14 22:16:55 [scrapy.core.engine] DEBUG: Crawled (200) <GET http://www.inven.co.kr/board/maple/2587/3501> (referer: http://www.inven.co.kr/board/maple/2587?p=1)
2019-10-14 22:16:55 [py.warnings] WARNING: /home/proff/anaconda3/lib/python3.7/site-packages/django/db/models/fields/__init__.py:1421: RuntimeWarning: DateTimeField ScrapyItem.published_date received a naive datetime (2019-09-14 15:28:00) while time zone support is active.
  RuntimeWarning)

2019-10-14 22:16:55 [scrapy.core.scraper] DEBUG: Scraped from <200 http://www.inven.co.kr/board/maple/2587/3501>
{'category': 1,
 'contents': '글 성격 상 공작소보다 바란다가 어울릴 것 같아서 옮겼습니다레벨 200, 210, 220처럼 새로운 아케인리버 '
             '지역이 열리는 특정 레벨이 아닌 이상퀘스트라는 건 받아볼 수도 없고(일일 퀘스트 제외),레벨업 수단이 사냥밖에 '
             '없고, 심볼 강화를 위해 매일같이 일일 퀘스트만 숙제마냥 반복하고 있는 이 시점에서주요 퀘스트들과 일반 퀘스트들이 '
             '구분되어 있는 다른 RPG 게임들처럼스토리와 무관한 일반 퀘스트들의 대량 추가를 원합니다레벨 200, 201, '
             '202, 203, ... 처럼 매 레벨업 시마다아케인 리버의 쓸모 없는 NPC들(클릭해도 대사창이 안 뜨는 '
             'NPC들)이 일반 퀘스트들을 줍니다퀘스트 내용은 옛날 메이플스토리의 "시워언해의 비밀의 책"이나 "가출소년 '
             '알렉스"처럼 주 스토리와 전혀 무관한 내용들로요퀘스트 보상으로 대량의 경험치(한 퀘스트 당 3~5%)와많은 아케인 '
             '심볼들(한 퀘스트 당 10~20개)을 준다면심볼 강화 수단이 지긋지긋한 일퀘밖에 없고, 레벨업 수단이 사냥밖에 없는 '
             '이 시점 조금이나마 스펙업에 도움이 될 것 같습니다',
 'published_date': '2019-09-14 15:28',
 'recommends': '4',
 'title': '아케인리버 지역의 일반 퀘스트 추가',
 'url': 'http://www.inven.co.kr/board/maple/2587/3501',
 'views': 873}
2019-10-14 22:17:06 [scrapy.core.engine] DEBUG: Crawled (200) <GET http://www.inven.co.kr/board/maple/2587/3502> (referer: http://www.inven.co.kr/board/maple/2587?p=1)
2019-10-14 22:17:07 [py.warnings] WARNING: /home/proff/anaconda3/lib/python3.7/site-packages/django/db/models/fields/__init__.py:1421: RuntimeWarning: DateTimeField ScrapyItem.published_date received a naive datetime (2019-09-15 23:19:00) while time zone support is active.
  RuntimeWarning)

2019-10-14 22:17:07 [scrapy.core.scraper] DEBUG: Scraped from <200 http://www.inven.co.kr/board/maple/2587/3502>
{'category': 1,
 'contents': '메이플스토리 직업을 새로 내주는 것도 중요하지만 컨셉자체가 설계를 벗어난 구시대 직업들이 몇몇있습니다.그 동안 '
             '밸런스패치는 그런직업들 숫자를 건드리는 것으로만 그치고 있습니다.몇몇직업은 데미지개선만으로 직업이 본래의미를 '
             '찾았지만 어떤직업들은 구조상 문제때문에 재설계가 필요하다고 느낍니다. 직업군 리메이크카 중요하다고 느낍니다.',
 'published_date': '2019-09-15 23:19',
 'recommends': '5',
 'title': '신캐보다 리메이크를 해주자.',
 'url': 'http://www.inven.co.kr/board/maple/2587/3502',
 'views': 2032}
2019-10-14 22:17:09 [scrapy.downloadermiddlewares.retry] DEBUG: Retrying <GET http://www.inven.co.kr/board/maple/2587/3484> (failed 1 times): User timeout caused connection failure: Getting http://www.inven.co.kr/board/maple/2587/3484 took longer than 180.0 seconds..
2019-10-14 22:17:21 [scrapy.extensions.logstats] INFO: Crawled 22 pages (at 2 pages/min), scraped 20 items (at 2 items/min)
2019-10-14 22:17:26 [scrapy.downloadermiddlewares.retry] DEBUG: Retrying <GET http://www.inven.co.kr/board/maple/2587/3492> (failed 1 times): User timeout caused connection failure: Getting http://www.inven.co.kr/board/maple/2587/3492 took longer than 180.0 seconds..
2019-10-14 22:17:40 [scrapy.downloadermiddlewares.retry] DEBUG: Retrying <GET http://www.inven.co.kr/board/maple/2587/3494> (failed 1 times): User timeout caused connection failure: Getting http://www.inven.co.kr/board/maple/2587/3494 took longer than 180.0 seconds..
2019-10-14 22:18:05 [scrapy.downloadermiddlewares.retry] DEBUG: Retrying <GET http://www.inven.co.kr/board/maple/2587/3497> (failed 1 times): User timeout caused connection failure: Getting http://www.inven.co.kr/board/maple/2587/3497 took longer than 180.0 seconds..
2019-10-14 22:18:21 [scrapy.extensions.logstats] INFO: Crawled 22 pages (at 0 pages/min), scraped 20 items (at 0 items/min)
2019-10-14 22:18:22 [scrapy.downloadermiddlewares.retry] DEBUG: Retrying <GET http://www.inven.co.kr/board/maple/2587/3500> (failed 1 times): User timeout caused connection failure: Getting http://www.inven.co.kr/board/maple/2587/3500 took longer than 180.0 seconds..
2019-10-14 22:18:22 [scrapy.statscollectors] INFO: Dumping Scrapy stats:
{'downloader/exception_count': 10,
 'downloader/exception_type_count/twisted.internet.error.TimeoutError': 7,
 'downloader/exception_type_count/twisted.web._newclient.ResponseFailed': 3,
 'downloader/request_bytes': 13264,
 'downloader/request_count': 32,
 'downloader/request_method_count/GET': 32,
 'downloader/response_bytes': 1178920,
 'downloader/response_count': 22,
 'downloader/response_status_count/200': 22,
 'finish_reason': 'shutdown',
 'finish_time': datetime.datetime(2019, 10, 14, 13, 18, 22, 634181),
 'item_scraped_count': 20,
 'log_count/DEBUG': 52,
 'log_count/INFO': 15,
 'log_count/WARNING': 23,
 'memusage/max': 123187200,
 'memusage/startup': 75972608,
 'request_depth_max': 1,
 'response_received_count': 22,
 'retry/count': 10,
 'retry/reason_count/twisted.internet.error.TimeoutError': 7,
 'retry/reason_count/twisted.web._newclient.ResponseFailed': 3,
 'robotstxt/request_count': 1,
 'robotstxt/response_count': 1,
 'robotstxt/response_status_count/200': 1,
 'scheduler/dequeued': 31,
 'scheduler/dequeued/memory': 31,
 'scheduler/enqueued': 61,
 'scheduler/enqueued/memory': 61,
 'start_time': datetime.datetime(2019, 10, 14, 13, 13, 21, 20872)}
2019-10-14 22:18:22 [scrapy.core.engine] INFO: Spider closed (shutdown)
